#
# A fatal error has been detected by the Java Runtime Environment:
#
#  EXCEPTION_ACCESS_VIOLATION (0xc0000005) at pc=0x000000007110b5db, pid=14880, tid=14020
#
# JRE version: Java(TM) SE Runtime Environment (23.0.1+11) (build 23.0.1+11-39)
# Java VM: Java HotSpot(TM) 64-Bit Server VM (23.0.1+11-39, mixed mode, sharing, tiered, compressed oops, compressed class ptrs, g1 gc, windows-amd64)
# Problematic frame:
# C  [jSSC-2.8_x86_64.dll+0xb5db]
#
# No core dump will be written. Minidumps are not enabled by default on client versions of Windows
#
# If you would like to submit a bug report, please visit:
#   https://bugreport.java.com/bugreport/crash.jsp
# The crash happened outside the Java Virtual Machine in native code.
# See problematic frame for where to report the bug.
#

---------------  S U M M A R Y ------------

Command Line: -Dfile.encoding=UTF-8 --module-path=C:\Users\losro\Documents\NetBeansProjects\NeoPixelFN\build\classes neopixelfn.InterfazLeds

Host: Intel(R) Core(TM) i5-10310U CPU @ 1.70GHz, 8 cores, 15G,  Windows 11 , 64 bit Build 26100 (10.0.26100.1882)
Time: Wed Nov  6 21:44:40 2024 Hora estándar central (México) elapsed time: 0.390524 seconds (0d 0h 0m 0s)

---------------  T H R E A D  ---------------

Current thread (0x0000016e4695c470):  JavaThread "AWT-EventQueue-0"        [_thread_in_native, id=14020, stack(0x0000001423c00000,0x0000001423d00000) (1024K)]

Stack: [0x0000001423c00000,0x0000001423d00000],  sp=0x0000001423cfeef0,  free space=1019k
Native frames: (J=compiled Java code, j=interpreted, Vv=VM code, C=native code)
C  [jSSC-2.8_x86_64.dll+0xb5db]  (no source info available)
C  [jSSC-2.8_x86_64.dll+0x12590]  (no source info available)
C  [jSSC-2.8_x86_64.dll+0x1595]  (no source info available)
C  0x0000016e5ac9d207  (no source info available)

The last pc belongs to native method entry point (kind = native) (printed below).
Java frames: (J=compiled Java code, j=interpreted, Vv=VM code)
j  jssc.SerialNativeInterface.openPort(Ljava/lang/String;Z)J+0
j  jssc.SerialPort.openPort()Z+65
j  comunicacionserial.ComunicacionSerial_Arduino.arduinoTX(Ljava/lang/String;I)V+58
j  neopixelfn.InterfazLeds.<init>()V+73
j  neopixelfn.InterfazLeds$7.run()V+4
j  java.awt.event.InvocationEvent.dispatch()V+47 java.desktop@23.0.1
j  java.awt.EventQueue.dispatchEventImpl(Ljava/awt/AWTEvent;Ljava/lang/Object;)V+21 java.desktop@23.0.1
j  java.awt.EventQueue$4.run()Ljava/lang/Void;+32 java.desktop@23.0.1
j  java.awt.EventQueue$4.run()Ljava/lang/Object;+1 java.desktop@23.0.1
j  java.security.AccessController.executePrivileged(Ljava/security/PrivilegedAction;Ljava/security/AccessControlContext;Ljava/lang/Class;)Ljava/lang/Object;+29 java.base@23.0.1
j  java.security.AccessController.doPrivileged(Ljava/security/PrivilegedAction;Ljava/security/AccessControlContext;)Ljava/lang/Object;+13 java.base@23.0.1
j  java.security.ProtectionDomain$JavaSecurityAccessImpl.doIntersectionPrivilege(Ljava/security/PrivilegedAction;Ljava/security/AccessControlContext;Ljava/security/AccessControlContext;)Ljava/lang/Object;+18 java.base@23.0.1
j  java.awt.EventQueue.dispatchEvent(Ljava/awt/AWTEvent;)V+46 java.desktop@23.0.1
j  java.awt.EventDispatchThread.pumpOneEventForFilters(I)V+81 java.desktop@23.0.1
j  java.awt.EventDispatchThread.pumpEventsForFilter(ILjava/awt/Conditional;Ljava/awt/EventFilter;)V+35 java.desktop@23.0.1
j  java.awt.EventDispatchThread.pumpEventsForHierarchy(ILjava/awt/Conditional;Ljava/awt/Component;)V+11 java.desktop@23.0.1
j  java.awt.EventDispatchThread.pumpEvents(ILjava/awt/Conditional;)V+4 java.desktop@23.0.1
j  java.awt.EventDispatchThread.pumpEvents(Ljava/awt/Conditional;)V+3 java.desktop@23.0.1
j  java.awt.EventDispatchThread.run()V+9 java.desktop@23.0.1
v  ~StubRoutines::call_stub 0x0000016e5ac90fcd

siginfo: EXCEPTION_ACCESS_VIOLATION (0xc0000005), reading address 0x00000000490419ee


Registers:
RAX=0x00000000490419ee, RBX=0x0000001423cfef60, RCX=0x00007ffab333f814, RDX=0x0000000000000000
RSP=0x0000001423cfeef0, RBP=0x0000001423cff070, RSI=0x0000016e4695c830, RDI=0x0000000000000554
R8 =0x0000001423cfede8, R9 =0x0000001423cfeee0, R10=0x0000000000000000, R11=0x0000000000000246
R12=0x0000001423cff130, R13=0x0000016e46aeeee0, R14=0x0000001423cff020, R15=0x0000016e4695c470
RIP=0x000000007110b5db, EFLAGS=0x0000000000010202


Register to memory mapping:

RAX=0x00000000490419ee is an unknown value
RBX=0x0000001423cfef60 is pointing into the stack for thread: 0x0000016e4695c470
RCX=0x00007ffab333f814 ntdll.dll
RDX=0x0 is null
RSP=0x0000001423cfeef0 is pointing into the stack for thread: 0x0000016e4695c470
RBP=0x0000001423cff070 is pointing into the stack for thread: 0x0000016e4695c470
RSI=0x0000016e4695c830 points into unknown readable memory: 0x00007ffa34c35e00 | 00 5e c3 34 fa 7f 00 00
RDI=0x0000000000000554 is an unknown value
R8 =0x0000001423cfede8 is pointing into the stack for thread: 0x0000016e4695c470
R9 =0x0000001423cfeee0 is pointing into the stack for thread: 0x0000016e4695c470
R10=0x0 is null
R11=0x0000000000000246 is an unknown value
R12=0x0000001423cff130 is pointing into the stack for thread: 0x0000016e4695c470
R13=0x0000016e46aeeee0 points into unknown readable memory: 0x00000100354d4f43 | 43 4f 4d 35 00 01 00 00
R14=0x0000001423cff020 is pointing into the stack for thread: 0x0000016e4695c470
R15=0x0000016e4695c470 is a thread

Top of Stack: (sp=0x0000001423cfeef0)
0x0000001423cfeef0:   0000001423cfef18 0000000000000000
0x0000001423cfef00:   000000007110b230 0000001423cff020
0x0000001423cfef10:   0000016e46aeeee0 0000000000000004
0x0000001423cfef20:   0000016e4695c830 0000000000000554
0x0000001423cfef30:   0000001423cff070 0000000071112590
0x0000001423cfef40:   0000016e48c40000 0000001400000000
0x0000001423cfef50:   0000016e46e39c90 00000000c0000000
0x0000001423cfef60:   0000000000000554 00007ffab0af75af
0x0000001423cfef70:   0000016e4695c470 0000001423cff020
0x0000001423cfef80:   0000016e46aeeee0 0000001423cff130
0x0000001423cfef90:   0000000071113500 0000000071113be8
0x0000001423cfefa0:   0000001423cfefd0 0000000071112641
0x0000001423cfefb0:   0000001423cfef40 0000000000000000
0x0000001423cfefc0:   0000016e46aeeee0 0000000000000000
0x0000001423cfefd0:   0000001423cff070 0000000071101595
0x0000001423cfefe0:   000000000000001c 0000016e00000000
0x0000001423cfeff0:   0000001423cff030 0000001423cff138
0x0000001423cff000:   0000016e00000003 00007ffa40000000
0x0000001423cff010:   0000000000000000 0000016e5acb718e
0x0000001423cff020:   354d4f435c2e5c5c 0000016e4695c400
0x0000001423cff030:   000001005c2e5c5c 0000016e4695c470
0x0000001423cff040:   0000016e4170bcf0 0000000000000488
0x0000001423cff050:   0000016e41022860 0000000000000000
0x0000001423cff060:   0000016e4170bcf0 0000001423cff138
0x0000001423cff070:   0000001423cff108 0000016e5ac9d207
0x0000001423cff080:   0000016e41022860 0000016e5ac9cede
0x0000001423cff090:   0000016e4170bcf0 0000000000000488
0x0000001423cff0a0:   0000001423cff0d0 0000001423cff128
0x0000001423cff0b0:   0000016e5ac9889a 0000016e5ac9ce9b
0x0000001423cff0c0:   fffffffffffffff7 0000016e4170bcf0
0x0000001423cff0d0:   0000000000000006 0000016e4170d010
0x0000001423cff0e0:   0000000000000000 000000071499e450 

Instructions: (pc=0x000000007110b5db)
0x000000007110b4db:   48 85 c0 74 bf 44 8b 03 45 85 c0 0f 84 77 ff ff
0x000000007110b4eb:   ff eb 9f 66 90 e8 8b fe ff ff 48 89 05 0c 34 01
0x000000007110b4fb:   00 eb ad 66 90 e8 7b fe ff ff 48 89 05 fc 33 01
0x000000007110b50b:   00 eb 8b e8 8d fe ff ff c7 03 01 00 00 00 e9 6f
0x000000007110b51b:   ff ff ff 66 90 55 48 89 e5 56 53 48 83 ec 20 48
0x000000007110b52b:   8b 05 d7 33 01 00 48 8b 31 48 89 cb 48 85 c0 74
0x000000007110b53b:   56 44 8b 18 45 85 db 78 42 48 8b 05 bd 33 01 00
0x000000007110b54b:   48 85 c0 74 50 44 8b 10 45 85 d2 74 1d 48 89 f1
0x000000007110b55b:   e8 d0 fd ff ff 48 8b 13 48 8d 42 40 48 8b 48 08
0x000000007110b56b:   48 8b 6a 40 48 8b 60 10 ff e1 48 8b 05 9c 33 01
0x000000007110b57b:   00 48 85 c0 74 2d 48 89 30 eb da e8 b5 fe ff ff
0x000000007110b58b:   0f 1f 44 00 00 eb b2 e8 e9 fd ff ff 48 89 05 6a
0x000000007110b59b:   33 01 00 eb 9c e8 db fd ff ff 48 89 05 5c 33 01
0x000000007110b5ab:   00 eb a2 e8 3d fd ff ff 48 89 05 5e 33 01 00 eb
0x000000007110b5bb:   c5 0f 1f 40 00 55 57 56 53 48 83 ec 28 48 8b 05
0x000000007110b5cb:   39 33 01 00 48 89 cb 48 85 c0 0f 84 c5 00 00 00
0x000000007110b5db:   8b 38 85 ff 0f 88 ab 00 00 00 48 8b 05 1c 33 01
0x000000007110b5eb:   00 48 85 c0 0f 84 bc 00 00 00 8b 30 85 f6 74 57
0x000000007110b5fb:   48 8b 05 0e 33 01 00 48 85 c0 0f 84 e5 00 00 00
0x000000007110b60b:   8b 28 48 8b 35 10 5e 01 00 ff d6 89 c7 89 e9 ff
0x000000007110b61b:   15 f4 5e 01 00 89 f9 48 89 c5 ff 15 b9 5e 01 00
0x000000007110b62b:   48 8b 05 de 32 01 00 48 89 2b 48 85 c0 74 46 48
0x000000007110b63b:   89 da 8b 08 ff 15 d7 5e 01 00 85 c0 74 27 48 83
0x000000007110b64b:   c4 28 5b 5e 5f 5d c3 48 8b 05 bf 32 01 00 48 85
0x000000007110b65b:   c0 74 64 48 8b 10 48 89 13 48 89 18 48 83 c4 28
0x000000007110b66b:   5b 5e 5f 5d c3 48 89 f2 48 83 c4 28 5b 5e 5f 5d
0x000000007110b67b:   48 ff e2 66 90 e8 8b fc ff ff 48 89 05 84 32 01
0x000000007110b68b:   00 eb ac 66 90 e8 ab fd ff ff e9 4b ff ff ff 66
0x000000007110b69b:   0f 1f 44 00 00 e8 db fc ff ff 48 89 05 5c 32 01
0x000000007110b6ab:   00 e9 2a ff ff ff e8 ca fc ff ff 48 89 05 4b 32
0x000000007110b6bb:   01 00 e9 33 ff ff ff e8 29 fc ff ff 48 89 05 4a
0x000000007110b6cb:   32 01 00 48 8b 10 48 85 c0 48 89 13 75 8b e8 12 


Stack slot to memory mapping:

stack at sp + 0 slots: 0x0000001423cfef18 is pointing into the stack for thread: 0x0000016e4695c470
stack at sp + 1 slots: 0x0 is null
stack at sp + 2 slots: 0x000000007110b230 jSSC-2.8_x86_64.dll
stack at sp + 3 slots: 0x0000001423cff020 is pointing into the stack for thread: 0x0000016e4695c470
stack at sp + 4 slots: 0x0000016e46aeeee0 points into unknown readable memory: 0x00000100354d4f43 | 43 4f 4d 35 00 01 00 00
stack at sp + 5 slots: 0x0000000000000004 is an unknown value
stack at sp + 6 slots: 0x0000016e4695c830 points into unknown readable memory: 0x00007ffa34c35e00 | 00 5e c3 34 fa 7f 00 00
stack at sp + 7 slots: 0x0000000000000554 is an unknown value

Lock stack of current Java thread (top to bottom):

native method entry point (kind = native)  [0x0000016e5ac9cde0, 0x0000016e5ac9d938]  2904 bytes
[MachCode]
  0x0000016e5ac9cde0: 488b 4b08 | 0fb7 492e | 584c 8d74 | ccf8 6800 | 0000 0068 | 0000 0000 | 5055 488b | ec41 5568 
  0x0000016e5ac9ce00: 0000 0000 | 4c8b 6b08 | 4d8d 6d38 | 5348 8b53 | 0848 8b52 | 0848 8b52 | 1848 8b52 | 7048 8b12 
  0x0000016e5ac9ce20: 5248 8b53 | 1048 85d2 | 0f84 0700 | 0000 4881 | c210 0100 | 0052 488b | 5308 488b | 5208 488b 
  0x0000016e5ac9ce40: 5210 5249 | 8bc6 482b | c548 c1e8 | 0350 6800 | 0000 0068 | f7ff ffff | 41c6 8771 | 0400 0001 
  0x0000016e5ac9ce60: 488b 4310 | 4885 c074 | 208b 88cc | 0000 0083 | c102 8988 | cc00 0000 | 2388 e000 | 0000 0f84 
  0x0000016e5ac9ce80: 000a 0000 | e9cf 0000 | 0048 8b43 | 1848 85c0 | 0f85 b000 | 0000 e805 | 0000 00e9 | 9900 0000 
  0x0000016e5ac9cea0: 488b d348 | 8d44 2408 | 4c89 6dc0 | 498b cfc5 | f877 4989 | afb0 0300 | 0049 8987 | a003 0000 
  0x0000016e5ac9cec0: 4883 ec20 | 40f6 c40f | 0f84 1900 | 0000 4883 | ec08 48b8 | 9026 4234 | fa7f 0000 | ffd0 4883 
  0x0000016e5ac9cee0: c408 e90c | 0000 0048 | b890 2642 | 34fa 7f00 | 00ff d048 | 83c4 2049 | c787 a003 | 0000 0000 
  0x0000016e5ac9cf00: 0000 49c7 | 87b0 0300 | 0000 0000 | 0049 c787 | a803 0000 | 0000 0000 | c5f8 7749 | 837f 0800 
  0x0000016e5ac9cf20: 0f84 0500 | 0000 e995 | 3fff ff4c | 8b6d c04c | 8b75 c84e | 8d74 f500 | c348 8b43 | 1848 85c0 
  0x0000016e5ac9cf40: 0f84 1200 | 0000 8b48 | 0883 c102 | 8948 0823 | 481c 0f84 | 2c09 0000 | 493b a7e8 | 0400 000f 
  0x0000016e5ac9cf60: 8748 0000 | 0089 8424 | 00f0 ffff | 8984 2400 | e0ff ff89 | 8424 00d0 | ffff 8984 | 2400 c0ff 
  0x0000016e5ac9cf80: ff89 8424 | 00b0 ffff | 8984 2400 | a0ff ff89 | 8424 0090 | ffff 8984 | 2400 80ff | ff49 3ba7 
  0x0000016e5ac9cfa0: e004 0000 | 7607 4989 | a7e8 0400 | 0041 c687 | 7104 0000 | 0049 ba41 | adc9 34fa | 7f00 0041 
  0x0000016e5ac9cfc0: 803a 000f | 843e 0000 | 0048 8b55 | e849 8bcf | 4883 ec20 | 40f6 c40f | 0f84 1900 | 0000 4883 
  0x0000016e5ac9cfe0: ec08 48b8 | 10ee 7934 | fa7f 0000 | ffd0 4883 | c408 e90c | 0000 0048 | b810 ee79 | 34fa 7f00 
  0x0000016e5ac9d000: 00ff d048 | 83c4 2048 | 8b5d e84c | 8b5b 0845 | 0fb7 5b2e | 41c1 e303 | 492b e348 | 83ec 2048 
  0x0000016e5ac9d020: 83e4 f04c | 8b5b 604d | 85db 0f85 | ab00 0000 | e805 0000 | 00e9 9900 | 0000 488b | d348 8d44 
  0x0000016e5ac9d040: 2408 4c89 | 6dc0 498b | cfc5 f877 | 4989 afb0 | 0300 0049 | 8987 a003 | 0000 4883 | ec20 40f6 
  0x0000016e5ac9d060: c40f 0f84 | 1900 0000 | 4883 ec08 | 48b8 f04d | 4234 fa7f | 0000 ffd0 | 4883 c408 | e90c 0000 
  0x0000016e5ac9d080: 0048 b8f0 | 4d42 34fa | 7f00 00ff | d048 83c4 | 2049 c787 | a003 0000 | 0000 0000 | 49c7 87b0 
  0x0000016e5ac9d0a0: 0300 0000 | 0000 0049 | c787 a803 | 0000 0000 | 0000 c5f8 | 7749 837f | 0800 0f84 | 0500 0000 
  0x0000016e5ac9d0c0: e9fb 3dff | ff4c 8b6d | c04c 8b75 | c84e 8d74 | f500 c348 | 8b5d e84c | 8b5b 6041 | ffd3 488b 
  0x0000016e5ac9d0e0: 5de8 4889 | 4518 448b | 5b28 41f6 | c308 0f84 | 1b00 0000 | 4c8b 5b08 | 4d8b 5b08 | 4d8b 5b18 
  0x0000016e5ac9d100: 4d8b 5b70 | 4d8b 1b4c | 895d 1048 | 8d55 1048 | 8b43 5849 | ba60 3c7a | 34fa 7f00 | 0049 3bc2 
  0x0000016e5ac9d120: 0f85 ab00 | 0000 e805 | 0000 00e9 | 9900 0000 | 488b d348 | 8d44 2408 | 4c89 6dc0 | 498b cfc5 
  0x0000016e5ac9d140: f877 4989 | afb0 0300 | 0049 8987 | a003 0000 | 4883 ec20 | 40f6 c40f | 0f84 1900 | 0000 4883 
  0x0000016e5ac9d160: ec08 48b8 | f04d 4234 | fa7f 0000 | ffd0 4883 | c408 e90c | 0000 0048 | b8f0 4d42 | 34fa 7f00 
  0x0000016e5ac9d180: 00ff d048 | 83c4 2049 | c787 a003 | 0000 0000 | 0000 49c7 | 87b0 0300 | 0000 0000 | 0049 c787 
  0x0000016e5ac9d1a0: a803 0000 | 0000 0000 | c5f8 7749 | 837f 0800 | 0f84 0500 | 0000 e905 | 3dff ff4c | 8b6d c04c 
  0x0000016e5ac9d1c0: 8b75 c84e | 8d74 f500 | c348 8b5d | e848 8b43 | 5849 8d8f | c003 0000 | c5f8 7749 | 89af b003 
  0x0000016e5ac9d1e0: 0000 49ba | d8d1 c95a | 6e01 0000 | 4d89 97a8 | 0300 0049 | 89a7 a003 | 0000 41c7 | 8744 0400 
  0x0000016e5ac9d200: 0004 0000 | 00ff d0c5 | f877 4883 | ec10 c5fb | 1104 2448 | 83ec 1048 | 8904 2448 | c744 2408 
  0x0000016e5ac9d220: 0000 0000 | 41c7 8744 | 0400 0005 | 0000 00f0 | 8344 24c0 | 0049 3baf | 4804 0000 | 0f87 0e00 
  0x0000016e5ac9d240: 0000 4183 | bf40 0400 | 0000 0f84 | 2000 0000 | 498b cf4c | 8be4 4883 | ec20 4883 | e4f0 48b8 
  0x0000016e5ac9d260: 90a9 4334 | fa7f 0000 | ffd0 498b | e44d 33e4 | 41c7 8744 | 0400 0008 | 0000 0049 | c787 a003 
  0x0000016e5ac9d280: 0000 0000 | 0000 49c7 | 87b0 0300 | 0000 0000 | 0049 c787 | a803 0000 | 0000 0000 | c5f8 774d 
  0x0000016e5ac9d2a0: 8b9f 3004 | 0000 41c7 | 8300 0100 | 0000 0000 | 0049 bbda | a5c9 5a6e | 0100 004c | 3b5d 180f 
  0x0000016e5ac9d2c0: 8524 0200 | 0048 8b04 | 2448 83c4 | 1048 85c0 | 0f84 fe01 | 0000 a803 | 0f85 0800 | 0000 488b 
  0x0000016e5ac9d2e0: 00e9 ee01 | 0000 a801 | 0f85 0900 | 0000 488b | 40fe e9dd | 0100 0048 | 8b40 ff41 | 807f 3800 
  0x0000016e5ac9d300: 0f84 ce01 | 0000 4883 | f800 0f84 | c401 0000 | 4d8b 5f28 | 4983 fb00 | 0f84 1400 | 0000 4983 
  0x0000016e5ac9d320: eb08 4d89 | 5f28 4d03 | 5f30 4989 | 03e9 a201 | 0000 4881 | ecd0 0000 | 0048 8904 | 2448 894c 
  0x0000016e5ac9d340: 2408 4889 | 5424 1048 | 8974 2418 | 4889 7c24 | 204c 8944 | 2428 4c89 | 4c24 304c | 8954 2438 
  0x0000016e5ac9d360: 4c89 5c24 | 40c5 fb11 | 4424 50c5 | fb11 4c24 | 58c5 fb11 | 5424 60c5 | fb11 5c24 | 68c5 fb11 
  0x0000016e5ac9d380: 6424 70c5 | fb11 6c24 | 78c5 fb11 | b424 8000 | 0000 c5fb | 11bc 2488 | 0000 00c5 | 7b11 8424 
  0x0000016e5ac9d3a0: 9000 0000 | c57b 118c | 2498 0000 | 00c5 7b11 | 9424 a000 | 0000 c57b | 119c 24a8 | 0000 00c5 
  0x0000016e5ac9d3c0: 7b11 a424 | b000 0000 | c57b 11ac | 24b8 0000 | 00c5 7b11 | b424 c000 | 0000 c57b | 11bc 24c8 
  0x0000016e5ac9d3e0: 0000 0049 | 8bd7 488b | c848 83ec | 2040 f6c4 | 0f0f 8419 | 0000 0048 | 83ec 0848 | b8e0 0737 
  0x0000016e5ac9d400: 34fa 7f00 | 00ff d048 | 83c4 08e9 | 0c00 0000 | 48b8 e007 | 3734 fa7f | 0000 ffd0 | 4883 c420 
  0x0000016e5ac9d420: c57b 10bc | 24c8 0000 | 00c5 7b10 | b424 c000 | 0000 c57b | 10ac 24b8 | 0000 00c5 | 7b10 a424 
  0x0000016e5ac9d440: b000 0000 | c57b 109c | 24a8 0000 | 00c5 7b10 | 9424 a000 | 0000 c57b | 108c 2498 | 0000 00c5 
  0x0000016e5ac9d460: 7b10 8424 | 9000 0000 | c5fb 10bc | 2488 0000 | 00c5 fb10 | b424 8000 | 0000 c5fb | 106c 2478 
  0x0000016e5ac9d480: c5fb 1064 | 2470 c5fb | 105c 2468 | c5fb 1054 | 2460 c5fb | 104c 2458 | c5fb 1044 | 2450 4c8b 
  0x0000016e5ac9d4a0: 5c24 404c | 8b54 2438 | 4c8b 4c24 | 304c 8b44 | 2428 488b | 7c24 2048 | 8b74 2418 | 488b 5424 
  0x0000016e5ac9d4c0: 1048 8b4c | 2408 488b | 0424 4881 | c4d0 0000 | 00c5 f877 | 4889 4510 | 4883 ec10 | 4889 0424 
  0x0000016e5ac9d4e0: 48c7 4424 | 0800 0000 | 0041 83bf | c804 0000 | 020f 85bf | 0000 0048 | 81ec 8000 | 0000 4889 
  0x0000016e5ac9d500: 4424 7848 | 894c 2470 | 4889 5424 | 6848 895c | 2460 4889 | 6c24 5048 | 8974 2448 | 4889 7c24 
  0x0000016e5ac9d520: 404c 8944 | 2438 4c89 | 4c24 304c | 8954 2428 | 4c89 5c24 | 204c 8964 | 2418 4c89 | 6c24 104c 
  0x0000016e5ac9d540: 8974 2408 | 4c89 3c24 | 4c8b e448 | 83ec 2048 | 83e4 f048 | b8c0 227a | 34fa 7f00 | 00ff d049 
  0x0000016e5ac9d560: 8be4 4c8b | 3c24 4c8b | 7424 084c | 8b6c 2410 | 4c8b 6424 | 184c 8b5c | 2420 4c8b | 5424 284c 
  0x0000016e5ac9d580: 8b4c 2430 | 4c8b 4424 | 3848 8b7c | 2440 488b | 7424 4848 | 8b6c 2450 | 488b 5c24 | 6048 8b54 
  0x0000016e5ac9d5a0: 2468 488b | 4c24 7048 | 8b44 2478 | 4881 c480 | 0000 004d | 33e4 488b | 5de8 4c8b | 6b08 4d8d 
  0x0000016e5ac9d5c0: 6d38 4983 | 7f08 000f | 84bb 0000 | 00e8 0500 | 0000 e996 | 0000 0048 | 8d44 2408 | 4c89 6dc0 
  0x0000016e5ac9d5e0: 498b cfc5 | f877 4989 | afb0 0300 | 0049 8987 | a003 0000 | 4883 ec20 | 40f6 c40f | 0f84 1900 
  0x0000016e5ac9d600: 0000 4883 | ec08 48b8 | 006c 4234 | fa7f 0000 | ffd0 4883 | c408 e90c | 0000 0048 | b800 6c42 
  0x0000016e5ac9d620: 34fa 7f00 | 00ff d048 | 83c4 2049 | c787 a003 | 0000 0000 | 0000 49c7 | 87b0 0300 | 0000 0000 
  0x0000016e5ac9d640: 0049 c787 | a803 0000 | 0000 0000 | c5f8 7749 | 837f 0800 | 0f84 0500 | 0000 e961 | 38ff ff4c 
  0x0000016e5ac9d660: 8b6d c04c | 8b75 c84e | 8d74 f500 | c348 b940 | d5a1 34fa | 7f00 0048 | 83e4 f048 | b870 4a68 
  0x0000016e5ac9d680: 34fa 7f00 | 00ff d0f4 | 448b 5b28 | 41f6 c320 | 0f84 7901 | 0000 488d | 55a8 4c8b | 5a08 4d85 
  0x0000016e5ac9d6a0: db0f 85bb | 0000 00e8 | 0500 0000 | e996 0000 | 0048 8d44 | 2408 4c89 | 6dc0 498b | cfc5 f877 
  0x0000016e5ac9d6c0: 4989 afb0 | 0300 0049 | 8987 a003 | 0000 4883 | ec20 40f6 | c40f 0f84 | 1900 0000 | 4883 ec08 
  0x0000016e5ac9d6e0: 48b8 306b | 4234 fa7f | 0000 ffd0 | 4883 c408 | e90c 0000 | 0048 b830 | 6b42 34fa | 7f00 00ff 
  0x0000016e5ac9d700: d048 83c4 | 2049 c787 | a003 0000 | 0000 0000 | 49c7 87b0 | 0300 0000 | 0000 0049 | c787 a803 
  0x0000016e5ac9d720: 0000 0000 | 0000 c5f8 | 7749 837f | 0800 0f84 | 0500 0000 | e987 37ff | ff4c 8b6d | c04c 8b75 
  0x0000016e5ac9d740: c84e 8d74 | f500 c348 | b940 d5a1 | 34fa 7f00 | 0048 83e4 | f048 b870 | 4a68 34fa | 7f00 00ff 
  0x0000016e5ac9d760: d0f4 4c89 | 6dc0 4c8b | 4a08 48c7 | 4208 0000 | 0000 458b | 8718 0600 | 004f 3b4c | 07f8 0f85 
  0x0000016e5ac9d780: 4900 0000 | 4183 af18 | 0600 0008 | 4f3b 4c07 | f00f 842a | 0000 0049 | 8b01 a802 | 0f85 1200 
  0x0000016e5ac9d7a0: 0000 4c8b | c049 83c8 | 01f0 4d0f | b101 0f84 | 0d00 0000 | 4183 8718 | 0600 0008 | e90c 0000 
  0x0000016e5ac9d7c0: 0049 ff8f | 5005 0000 | e93e 0000 | 004c 894a | 0848 8bca | 4883 ec20 | 40f6 c40f | 0f84 1900 
  0x0000016e5ac9d7e0: 0000 4883 | ec08 48b8 | f03d 4234 | fa7f 0000 | ffd0 4883 | c408 e90c | 0000 0048 | b8f0 3d42 
  0x0000016e5ac9d800: 34fa 7f00 | 00ff d048 | 83c4 204c | 8b6d c049 | ba41 adc9 | 34fa 7f00 | 0041 803a | 000f 843e 
  0x0000016e5ac9d820: 0000 0048 | 8b55 e849 | 8bcf 4883 | ec20 40f6 | c40f 0f84 | 1900 0000 | 4883 ec08 | 48b8 10ee 
  0x0000016e5ac9d840: 7934 fa7f | 0000 ffd0 | 4883 c408 | e90c 0000 | 0048 b810 | ee79 34fa | 7f00 00ff | d048 83c4 
  0x0000016e5ac9d860: 2048 8b04 | 2448 83c4 | 10c5 fb10 | 0424 4883 | c410 4c8b | 5d18 41ff | d34c 8b5d | f8c9 5f49 
  0x0000016e5ac9d880: 8be3 ffe7 | ba00 0000 | 00e8 0500 | 0000 e996 | 0000 0048 | 8d44 2408 | 4c89 6dc0 | 498b cfc5 
  0x0000016e5ac9d8a0: f877 4989 | afb0 0300 | 0049 8987 | a003 0000 | 4883 ec20 | 40f6 c40f | 0f84 1900 | 0000 4883 
  0x0000016e5ac9d8c0: ec08 48b8 | a031 4234 | fa7f 0000 | ffd0 4883 | c408 e90c | 0000 0048 | b8a0 3142 | 34fa 7f00 
  0x0000016e5ac9d8e0: 00ff d048 | 83c4 2049 | c787 a003 | 0000 0000 | 0000 49c7 | 87b0 0300 | 0000 0000 | 0049 c787 
  0x0000016e5ac9d900: a803 0000 | 0000 0000 | c5f8 7749 | 837f 0800 | 0f84 0500 | 0000 e9a5 | 35ff ff4c | 8b6d c04c 
  0x0000016e5ac9d920: 8b75 c84e | 8d74 f500 | c348 8b5d | e8e9 26f6 | ffff 660f | 1f44 0000 
[/MachCode]

---------------  P R O C E S S  ---------------

Threads class SMR info:
_java_thread_list=0x0000016e45386630, length=16, elements={
0x0000016e6a336670, 0x0000016e6a3391e0, 0x0000016e6a33bc50, 0x0000016e6a33c910,
0x0000016e6a33d5d0, 0x0000016e6a346ce0, 0x0000016e6a348080, 0x0000016e6a34ec80,
0x0000016e450e00a0, 0x0000016e451e38e0, 0x0000016e4520c310, 0x0000016e45335620,
0x0000016e453390f0, 0x0000016e4533a6f0, 0x0000016e4695c470, 0x0000016e4b028f70
}

Java Threads: ( => current thread )
  0x0000016e6a336670 JavaThread "Reference Handler"          daemon [_thread_blocked, id=15900, stack(0x0000001422e00000,0x0000001422f00000) (1024K)]
  0x0000016e6a3391e0 JavaThread "Finalizer"                  daemon [_thread_blocked, id=13164, stack(0x0000001422f00000,0x0000001423000000) (1024K)]
  0x0000016e6a33bc50 JavaThread "Signal Dispatcher"          daemon [_thread_blocked, id=6140, stack(0x0000001423000000,0x0000001423100000) (1024K)]
  0x0000016e6a33c910 JavaThread "Attach Listener"            daemon [_thread_blocked, id=8440, stack(0x0000001423100000,0x0000001423200000) (1024K)]
  0x0000016e6a33d5d0 JavaThread "Service Thread"             daemon [_thread_blocked, id=15236, stack(0x0000001423200000,0x0000001423300000) (1024K)]
  0x0000016e6a346ce0 JavaThread "Monitor Deflation Thread"   daemon [_thread_blocked, id=15048, stack(0x0000001423300000,0x0000001423400000) (1024K)]
  0x0000016e6a348080 JavaThread "C2 CompilerThread0"         daemon [_thread_blocked, id=15516, stack(0x0000001423400000,0x0000001423500000) (1024K)]
  0x0000016e6a34ec80 JavaThread "C1 CompilerThread0"         daemon [_thread_blocked, id=15812, stack(0x0000001423500000,0x0000001423600000) (1024K)]
  0x0000016e450e00a0 JavaThread "Common-Cleaner"             daemon [_thread_blocked, id=16476, stack(0x0000001423600000,0x0000001423700000) (1024K)]
  0x0000016e451e38e0 JavaThread "C2 CompilerThread1"         daemon [_thread_blocked, id=16704, stack(0x0000001423700000,0x0000001423800000) (1024K)]
  0x0000016e4520c310 JavaThread "Notification Thread"        daemon [_thread_blocked, id=12056, stack(0x0000001423800000,0x0000001423900000) (1024K)]
  0x0000016e45335620 JavaThread "Java2D Disposer"            daemon [_thread_blocked, id=1636, stack(0x0000001423900000,0x0000001423a00000) (1024K)]
  0x0000016e453390f0 JavaThread "AWT-Shutdown"                      [_thread_blocked, id=12304, stack(0x0000001423a00000,0x0000001423b00000) (1024K)]
  0x0000016e4533a6f0 JavaThread "AWT-Windows"                daemon [_thread_in_native, id=16308, stack(0x0000001423b00000,0x0000001423c00000) (1024K)]
=>0x0000016e4695c470 JavaThread "AWT-EventQueue-0"                  [_thread_in_native, id=14020, stack(0x0000001423c00000,0x0000001423d00000) (1024K)]
  0x0000016e4b028f70 JavaThread "DestroyJavaVM"                     [_thread_blocked, id=16156, stack(0x0000001422600000,0x0000001422700000) (1024K)]
Total: 16

Other Threads:
  0x0000016e6a31e6f0 VMThread "VM Thread"                           [id=5024, stack(0x0000001422d00000,0x0000001422e00000) (1024K)]
  0x0000016e6a3022c0 WatcherThread "VM Periodic Task Thread"        [id=3508, stack(0x0000001422c00000,0x0000001422d00000) (1024K)]
  0x0000016e4b08ca80 WorkerThread "GC Thread#0"                     [id=8184, stack(0x0000001422700000,0x0000001422800000) (1024K)]
  0x0000016e4b0a1440 ConcurrentGCThread "G1 Main Marker"            [id=5908, stack(0x0000001422800000,0x0000001422900000) (1024K)]
  0x0000016e4b0a2e70 WorkerThread "G1 Conc#0"                       [id=12988, stack(0x0000001422900000,0x0000001422a00000) (1024K)]
  0x0000016e6a1d49a0 ConcurrentGCThread "G1 Refine#0"               [id=17208, stack(0x0000001422a00000,0x0000001422b00000) (1024K)]
  0x0000016e6a1d52d0 ConcurrentGCThread "G1 Service"                [id=16832, stack(0x0000001422b00000,0x0000001422c00000) (1024K)]
Total: 7

Threads with active compile tasks:
Total: 0

VM state: not at safepoint (normal execution)

VM Mutex/Monitor currently owned by a thread: None

Heap address: 0x0000000705400000, size: 4012 MB, Compressed Oops mode: Zero based, Oop shift amount: 3

CDS archive(s) mapped at: [0x0000016e00000000-0x0000016e00d70000-0x0000016e00d70000), size 14090240, SharedBaseAddress: 0x0000016e00000000, ArchiveRelocationMode: 1.
Compressed class space mapped at: 0x0000016e01000000-0x0000016e41000000, reserved size: 1073741824
Narrow klass base: 0x0000016e00000000, Narrow klass shift: 0, Narrow klass range: 0x41000000

GC Precious Log:
 CardTable entry size: 512
 Card Set container configuration: InlinePtr #cards 4 size 8 Array Of Cards #cards 16 size 48 Howl #buckets 8 coarsen threshold 3686 Howl Bitmap #cards 512 size 80 coarsen threshold 460 Card regions per heap region 1 cards per card region 4096
 CPUs: 8 total, 8 available
 Memory: 16045M
 Large Page Support: Disabled
 NUMA Support: Disabled
 Compressed Oops: Enabled (Zero based)
 Heap Region Size: 2M
 Heap Min Capacity: 8M
 Heap Initial Capacity: 252M
 Heap Max Capacity: 4012M
 Pre-touch: Disabled
 Parallel Workers: 8
 Concurrent Workers: 2
 Concurrent Refinement Workers: 8
 Periodic GC: Disabled

Heap:
 garbage-first heap   total reserved 4108288K, committed 258048K, used 6144K [0x0000000705400000, 0x0000000800000000)
  region size 2048K, 4 young (8192K), 0 survivors (0K)
 Metaspace       used 7874K, committed 8064K, reserved 1114112K
  class space    used 934K, committed 1024K, reserved 1048576K

Heap Regions: E=young(eden), S=young(survivor), O=old, HS=humongous(starts), HC=humongous(continues), CS=collection set, F=free, TAMS=top-at-mark-start, PB=parsable bottom
|   0|0x0000000705400000, 0x0000000705400000, 0x0000000705600000|  0%| F|  |TAMS 0x0000000705400000| PB 0x0000000705400000| Untracked |  0
|   1|0x0000000705600000, 0x0000000705600000, 0x0000000705800000|  0%| F|  |TAMS 0x0000000705600000| PB 0x0000000705600000| Untracked |  0
|   2|0x0000000705800000, 0x0000000705800000, 0x0000000705a00000|  0%| F|  |TAMS 0x0000000705800000| PB 0x0000000705800000| Untracked |  0
|   3|0x0000000705a00000, 0x0000000705a00000, 0x0000000705c00000|  0%| F|  |TAMS 0x0000000705a00000| PB 0x0000000705a00000| Untracked |  0
|   4|0x0000000705c00000, 0x0000000705c00000, 0x0000000705e00000|  0%| F|  |TAMS 0x0000000705c00000| PB 0x0000000705c00000| Untracked |  0
|   5|0x0000000705e00000, 0x0000000705e00000, 0x0000000706000000|  0%| F|  |TAMS 0x0000000705e00000| PB 0x0000000705e00000| Untracked |  0
|   6|0x0000000706000000, 0x0000000706000000, 0x0000000706200000|  0%| F|  |TAMS 0x0000000706000000| PB 0x0000000706000000| Untracked |  0
|   7|0x0000000706200000, 0x0000000706200000, 0x0000000706400000|  0%| F|  |TAMS 0x0000000706200000| PB 0x0000000706200000| Untracked |  0
|   8|0x0000000706400000, 0x0000000706400000, 0x0000000706600000|  0%| F|  |TAMS 0x0000000706400000| PB 0x0000000706400000| Untracked |  0
|   9|0x0000000706600000, 0x0000000706600000, 0x0000000706800000|  0%| F|  |TAMS 0x0000000706600000| PB 0x0000000706600000| Untracked |  0
|  10|0x0000000706800000, 0x0000000706800000, 0x0000000706a00000|  0%| F|  |TAMS 0x0000000706800000| PB 0x0000000706800000| Untracked |  0
|  11|0x0000000706a00000, 0x0000000706a00000, 0x0000000706c00000|  0%| F|  |TAMS 0x0000000706a00000| PB 0x0000000706a00000| Untracked |  0
|  12|0x0000000706c00000, 0x0000000706c00000, 0x0000000706e00000|  0%| F|  |TAMS 0x0000000706c00000| PB 0x0000000706c00000| Untracked |  0
|  13|0x0000000706e00000, 0x0000000706e00000, 0x0000000707000000|  0%| F|  |TAMS 0x0000000706e00000| PB 0x0000000706e00000| Untracked |  0
|  14|0x0000000707000000, 0x0000000707000000, 0x0000000707200000|  0%| F|  |TAMS 0x0000000707000000| PB 0x0000000707000000| Untracked |  0
|  15|0x0000000707200000, 0x0000000707200000, 0x0000000707400000|  0%| F|  |TAMS 0x0000000707200000| PB 0x0000000707200000| Untracked |  0
|  16|0x0000000707400000, 0x0000000707400000, 0x0000000707600000|  0%| F|  |TAMS 0x0000000707400000| PB 0x0000000707400000| Untracked |  0
|  17|0x0000000707600000, 0x0000000707600000, 0x0000000707800000|  0%| F|  |TAMS 0x0000000707600000| PB 0x0000000707600000| Untracked |  0
|  18|0x0000000707800000, 0x0000000707800000, 0x0000000707a00000|  0%| F|  |TAMS 0x0000000707800000| PB 0x0000000707800000| Untracked |  0
|  19|0x0000000707a00000, 0x0000000707a00000, 0x0000000707c00000|  0%| F|  |TAMS 0x0000000707a00000| PB 0x0000000707a00000| Untracked |  0
|  20|0x0000000707c00000, 0x0000000707c00000, 0x0000000707e00000|  0%| F|  |TAMS 0x0000000707c00000| PB 0x0000000707c00000| Untracked |  0
|  21|0x0000000707e00000, 0x0000000707e00000, 0x0000000708000000|  0%| F|  |TAMS 0x0000000707e00000| PB 0x0000000707e00000| Untracked |  0
|  22|0x0000000708000000, 0x0000000708000000, 0x0000000708200000|  0%| F|  |TAMS 0x0000000708000000| PB 0x0000000708000000| Untracked |  0
|  23|0x0000000708200000, 0x0000000708200000, 0x0000000708400000|  0%| F|  |TAMS 0x0000000708200000| PB 0x0000000708200000| Untracked |  0
|  24|0x0000000708400000, 0x0000000708400000, 0x0000000708600000|  0%| F|  |TAMS 0x0000000708400000| PB 0x0000000708400000| Untracked |  0
|  25|0x0000000708600000, 0x0000000708600000, 0x0000000708800000|  0%| F|  |TAMS 0x0000000708600000| PB 0x0000000708600000| Untracked |  0
|  26|0x0000000708800000, 0x0000000708800000, 0x0000000708a00000|  0%| F|  |TAMS 0x0000000708800000| PB 0x0000000708800000| Untracked |  0
|  27|0x0000000708a00000, 0x0000000708a00000, 0x0000000708c00000|  0%| F|  |TAMS 0x0000000708a00000| PB 0x0000000708a00000| Untracked |  0
|  28|0x0000000708c00000, 0x0000000708c00000, 0x0000000708e00000|  0%| F|  |TAMS 0x0000000708c00000| PB 0x0000000708c00000| Untracked |  0
|  29|0x0000000708e00000, 0x0000000708e00000, 0x0000000709000000|  0%| F|  |TAMS 0x0000000708e00000| PB 0x0000000708e00000| Untracked |  0
|  30|0x0000000709000000, 0x0000000709000000, 0x0000000709200000|  0%| F|  |TAMS 0x0000000709000000| PB 0x0000000709000000| Untracked |  0
|  31|0x0000000709200000, 0x0000000709200000, 0x0000000709400000|  0%| F|  |TAMS 0x0000000709200000| PB 0x0000000709200000| Untracked |  0
|  32|0x0000000709400000, 0x0000000709400000, 0x0000000709600000|  0%| F|  |TAMS 0x0000000709400000| PB 0x0000000709400000| Untracked |  0
|  33|0x0000000709600000, 0x0000000709600000, 0x0000000709800000|  0%| F|  |TAMS 0x0000000709600000| PB 0x0000000709600000| Untracked |  0
|  34|0x0000000709800000, 0x0000000709800000, 0x0000000709a00000|  0%| F|  |TAMS 0x0000000709800000| PB 0x0000000709800000| Untracked |  0
|  35|0x0000000709a00000, 0x0000000709a00000, 0x0000000709c00000|  0%| F|  |TAMS 0x0000000709a00000| PB 0x0000000709a00000| Untracked |  0
|  36|0x0000000709c00000, 0x0000000709c00000, 0x0000000709e00000|  0%| F|  |TAMS 0x0000000709c00000| PB 0x0000000709c00000| Untracked |  0
|  37|0x0000000709e00000, 0x0000000709e00000, 0x000000070a000000|  0%| F|  |TAMS 0x0000000709e00000| PB 0x0000000709e00000| Untracked |  0
|  38|0x000000070a000000, 0x000000070a000000, 0x000000070a200000|  0%| F|  |TAMS 0x000000070a000000| PB 0x000000070a000000| Untracked |  0
|  39|0x000000070a200000, 0x000000070a200000, 0x000000070a400000|  0%| F|  |TAMS 0x000000070a200000| PB 0x000000070a200000| Untracked |  0
|  40|0x000000070a400000, 0x000000070a400000, 0x000000070a600000|  0%| F|  |TAMS 0x000000070a400000| PB 0x000000070a400000| Untracked |  0
|  41|0x000000070a600000, 0x000000070a600000, 0x000000070a800000|  0%| F|  |TAMS 0x000000070a600000| PB 0x000000070a600000| Untracked |  0
|  42|0x000000070a800000, 0x000000070a800000, 0x000000070aa00000|  0%| F|  |TAMS 0x000000070a800000| PB 0x000000070a800000| Untracked |  0
|  43|0x000000070aa00000, 0x000000070aa00000, 0x000000070ac00000|  0%| F|  |TAMS 0x000000070aa00000| PB 0x000000070aa00000| Untracked |  0
|  44|0x000000070ac00000, 0x000000070ac00000, 0x000000070ae00000|  0%| F|  |TAMS 0x000000070ac00000| PB 0x000000070ac00000| Untracked |  0
|  45|0x000000070ae00000, 0x000000070ae00000, 0x000000070b000000|  0%| F|  |TAMS 0x000000070ae00000| PB 0x000000070ae00000| Untracked |  0
|  46|0x000000070b000000, 0x000000070b000000, 0x000000070b200000|  0%| F|  |TAMS 0x000000070b000000| PB 0x000000070b000000| Untracked |  0
|  47|0x000000070b200000, 0x000000070b200000, 0x000000070b400000|  0%| F|  |TAMS 0x000000070b200000| PB 0x000000070b200000| Untracked |  0
|  48|0x000000070b400000, 0x000000070b400000, 0x000000070b600000|  0%| F|  |TAMS 0x000000070b400000| PB 0x000000070b400000| Untracked |  0
|  49|0x000000070b600000, 0x000000070b600000, 0x000000070b800000|  0%| F|  |TAMS 0x000000070b600000| PB 0x000000070b600000| Untracked |  0
|  50|0x000000070b800000, 0x000000070b800000, 0x000000070ba00000|  0%| F|  |TAMS 0x000000070b800000| PB 0x000000070b800000| Untracked |  0
|  51|0x000000070ba00000, 0x000000070ba00000, 0x000000070bc00000|  0%| F|  |TAMS 0x000000070ba00000| PB 0x000000070ba00000| Untracked |  0
|  52|0x000000070bc00000, 0x000000070bc00000, 0x000000070be00000|  0%| F|  |TAMS 0x000000070bc00000| PB 0x000000070bc00000| Untracked |  0
|  53|0x000000070be00000, 0x000000070be00000, 0x000000070c000000|  0%| F|  |TAMS 0x000000070be00000| PB 0x000000070be00000| Untracked |  0
|  54|0x000000070c000000, 0x000000070c000000, 0x000000070c200000|  0%| F|  |TAMS 0x000000070c000000| PB 0x000000070c000000| Untracked |  0
|  55|0x000000070c200000, 0x000000070c200000, 0x000000070c400000|  0%| F|  |TAMS 0x000000070c200000| PB 0x000000070c200000| Untracked |  0
|  56|0x000000070c400000, 0x000000070c400000, 0x000000070c600000|  0%| F|  |TAMS 0x000000070c400000| PB 0x000000070c400000| Untracked |  0
|  57|0x000000070c600000, 0x000000070c600000, 0x000000070c800000|  0%| F|  |TAMS 0x000000070c600000| PB 0x000000070c600000| Untracked |  0
|  58|0x000000070c800000, 0x000000070c800000, 0x000000070ca00000|  0%| F|  |TAMS 0x000000070c800000| PB 0x000000070c800000| Untracked |  0
|  59|0x000000070ca00000, 0x000000070ca00000, 0x000000070cc00000|  0%| F|  |TAMS 0x000000070ca00000| PB 0x000000070ca00000| Untracked |  0
|  60|0x000000070cc00000, 0x000000070cc00000, 0x000000070ce00000|  0%| F|  |TAMS 0x000000070cc00000| PB 0x000000070cc00000| Untracked |  0
|  61|0x000000070ce00000, 0x000000070ce00000, 0x000000070d000000|  0%| F|  |TAMS 0x000000070ce00000| PB 0x000000070ce00000| Untracked |  0
|  62|0x000000070d000000, 0x000000070d000000, 0x000000070d200000|  0%| F|  |TAMS 0x000000070d000000| PB 0x000000070d000000| Untracked |  0
|  63|0x000000070d200000, 0x000000070d200000, 0x000000070d400000|  0%| F|  |TAMS 0x000000070d200000| PB 0x000000070d200000| Untracked |  0
|  64|0x000000070d400000, 0x000000070d400000, 0x000000070d600000|  0%| F|  |TAMS 0x000000070d400000| PB 0x000000070d400000| Untracked |  0
|  65|0x000000070d600000, 0x000000070d600000, 0x000000070d800000|  0%| F|  |TAMS 0x000000070d600000| PB 0x000000070d600000| Untracked |  0
|  66|0x000000070d800000, 0x000000070d800000, 0x000000070da00000|  0%| F|  |TAMS 0x000000070d800000| PB 0x000000070d800000| Untracked |  0
|  67|0x000000070da00000, 0x000000070da00000, 0x000000070dc00000|  0%| F|  |TAMS 0x000000070da00000| PB 0x000000070da00000| Untracked |  0
|  68|0x000000070dc00000, 0x000000070dc00000, 0x000000070de00000|  0%| F|  |TAMS 0x000000070dc00000| PB 0x000000070dc00000| Untracked |  0
|  69|0x000000070de00000, 0x000000070de00000, 0x000000070e000000|  0%| F|  |TAMS 0x000000070de00000| PB 0x000000070de00000| Untracked |  0
|  70|0x000000070e000000, 0x000000070e000000, 0x000000070e200000|  0%| F|  |TAMS 0x000000070e000000| PB 0x000000070e000000| Untracked |  0
|  71|0x000000070e200000, 0x000000070e200000, 0x000000070e400000|  0%| F|  |TAMS 0x000000070e200000| PB 0x000000070e200000| Untracked |  0
|  72|0x000000070e400000, 0x000000070e400000, 0x000000070e600000|  0%| F|  |TAMS 0x000000070e400000| PB 0x000000070e400000| Untracked |  0
|  73|0x000000070e600000, 0x000000070e600000, 0x000000070e800000|  0%| F|  |TAMS 0x000000070e600000| PB 0x000000070e600000| Untracked |  0
|  74|0x000000070e800000, 0x000000070e800000, 0x000000070ea00000|  0%| F|  |TAMS 0x000000070e800000| PB 0x000000070e800000| Untracked |  0
|  75|0x000000070ea00000, 0x000000070ea00000, 0x000000070ec00000|  0%| F|  |TAMS 0x000000070ea00000| PB 0x000000070ea00000| Untracked |  0
|  76|0x000000070ec00000, 0x000000070ec00000, 0x000000070ee00000|  0%| F|  |TAMS 0x000000070ec00000| PB 0x000000070ec00000| Untracked |  0
|  77|0x000000070ee00000, 0x000000070ee00000, 0x000000070f000000|  0%| F|  |TAMS 0x000000070ee00000| PB 0x000000070ee00000| Untracked |  0
|  78|0x000000070f000000, 0x000000070f000000, 0x000000070f200000|  0%| F|  |TAMS 0x000000070f000000| PB 0x000000070f000000| Untracked |  0
|  79|0x000000070f200000, 0x000000070f200000, 0x000000070f400000|  0%| F|  |TAMS 0x000000070f200000| PB 0x000000070f200000| Untracked |  0
|  80|0x000000070f400000, 0x000000070f400000, 0x000000070f600000|  0%| F|  |TAMS 0x000000070f400000| PB 0x000000070f400000| Untracked |  0
|  81|0x000000070f600000, 0x000000070f600000, 0x000000070f800000|  0%| F|  |TAMS 0x000000070f600000| PB 0x000000070f600000| Untracked |  0
|  82|0x000000070f800000, 0x000000070f800000, 0x000000070fa00000|  0%| F|  |TAMS 0x000000070f800000| PB 0x000000070f800000| Untracked |  0
|  83|0x000000070fa00000, 0x000000070fa00000, 0x000000070fc00000|  0%| F|  |TAMS 0x000000070fa00000| PB 0x000000070fa00000| Untracked |  0
|  84|0x000000070fc00000, 0x000000070fc00000, 0x000000070fe00000|  0%| F|  |TAMS 0x000000070fc00000| PB 0x000000070fc00000| Untracked |  0
|  85|0x000000070fe00000, 0x000000070fe00000, 0x0000000710000000|  0%| F|  |TAMS 0x000000070fe00000| PB 0x000000070fe00000| Untracked |  0
|  86|0x0000000710000000, 0x0000000710000000, 0x0000000710200000|  0%| F|  |TAMS 0x0000000710000000| PB 0x0000000710000000| Untracked |  0
|  87|0x0000000710200000, 0x0000000710200000, 0x0000000710400000|  0%| F|  |TAMS 0x0000000710200000| PB 0x0000000710200000| Untracked |  0
|  88|0x0000000710400000, 0x0000000710400000, 0x0000000710600000|  0%| F|  |TAMS 0x0000000710400000| PB 0x0000000710400000| Untracked |  0
|  89|0x0000000710600000, 0x0000000710600000, 0x0000000710800000|  0%| F|  |TAMS 0x0000000710600000| PB 0x0000000710600000| Untracked |  0
|  90|0x0000000710800000, 0x0000000710800000, 0x0000000710a00000|  0%| F|  |TAMS 0x0000000710800000| PB 0x0000000710800000| Untracked |  0
|  91|0x0000000710a00000, 0x0000000710a00000, 0x0000000710c00000|  0%| F|  |TAMS 0x0000000710a00000| PB 0x0000000710a00000| Untracked |  0
|  92|0x0000000710c00000, 0x0000000710c00000, 0x0000000710e00000|  0%| F|  |TAMS 0x0000000710c00000| PB 0x0000000710c00000| Untracked |  0
|  93|0x0000000710e00000, 0x0000000710e00000, 0x0000000711000000|  0%| F|  |TAMS 0x0000000710e00000| PB 0x0000000710e00000| Untracked |  0
|  94|0x0000000711000000, 0x0000000711000000, 0x0000000711200000|  0%| F|  |TAMS 0x0000000711000000| PB 0x0000000711000000| Untracked |  0
|  95|0x0000000711200000, 0x0000000711200000, 0x0000000711400000|  0%| F|  |TAMS 0x0000000711200000| PB 0x0000000711200000| Untracked |  0
|  96|0x0000000711400000, 0x0000000711400000, 0x0000000711600000|  0%| F|  |TAMS 0x0000000711400000| PB 0x0000000711400000| Untracked |  0
|  97|0x0000000711600000, 0x0000000711600000, 0x0000000711800000|  0%| F|  |TAMS 0x0000000711600000| PB 0x0000000711600000| Untracked |  0
|  98|0x0000000711800000, 0x0000000711800000, 0x0000000711a00000|  0%| F|  |TAMS 0x0000000711800000| PB 0x0000000711800000| Untracked |  0
|  99|0x0000000711a00000, 0x0000000711a00000, 0x0000000711c00000|  0%| F|  |TAMS 0x0000000711a00000| PB 0x0000000711a00000| Untracked |  0
| 100|0x0000000711c00000, 0x0000000711c00000, 0x0000000711e00000|  0%| F|  |TAMS 0x0000000711c00000| PB 0x0000000711c00000| Untracked |  0
| 101|0x0000000711e00000, 0x0000000711e00000, 0x0000000712000000|  0%| F|  |TAMS 0x0000000711e00000| PB 0x0000000711e00000| Untracked |  0
| 102|0x0000000712000000, 0x0000000712000000, 0x0000000712200000|  0%| F|  |TAMS 0x0000000712000000| PB 0x0000000712000000| Untracked |  0
| 103|0x0000000712200000, 0x0000000712200000, 0x0000000712400000|  0%| F|  |TAMS 0x0000000712200000| PB 0x0000000712200000| Untracked |  0
| 104|0x0000000712400000, 0x0000000712400000, 0x0000000712600000|  0%| F|  |TAMS 0x0000000712400000| PB 0x0000000712400000| Untracked |  0
| 105|0x0000000712600000, 0x0000000712600000, 0x0000000712800000|  0%| F|  |TAMS 0x0000000712600000| PB 0x0000000712600000| Untracked |  0
| 106|0x0000000712800000, 0x0000000712800000, 0x0000000712a00000|  0%| F|  |TAMS 0x0000000712800000| PB 0x0000000712800000| Untracked |  0
| 107|0x0000000712a00000, 0x0000000712a00000, 0x0000000712c00000|  0%| F|  |TAMS 0x0000000712a00000| PB 0x0000000712a00000| Untracked |  0
| 108|0x0000000712c00000, 0x0000000712c00000, 0x0000000712e00000|  0%| F|  |TAMS 0x0000000712c00000| PB 0x0000000712c00000| Untracked |  0
| 109|0x0000000712e00000, 0x0000000712e00000, 0x0000000713000000|  0%| F|  |TAMS 0x0000000712e00000| PB 0x0000000712e00000| Untracked |  0
| 110|0x0000000713000000, 0x0000000713000000, 0x0000000713200000|  0%| F|  |TAMS 0x0000000713000000| PB 0x0000000713000000| Untracked |  0
| 111|0x0000000713200000, 0x0000000713200000, 0x0000000713400000|  0%| F|  |TAMS 0x0000000713200000| PB 0x0000000713200000| Untracked |  0
| 112|0x0000000713400000, 0x0000000713400000, 0x0000000713600000|  0%| F|  |TAMS 0x0000000713400000| PB 0x0000000713400000| Untracked |  0
| 113|0x0000000713600000, 0x0000000713600000, 0x0000000713800000|  0%| F|  |TAMS 0x0000000713600000| PB 0x0000000713600000| Untracked |  0
| 114|0x0000000713800000, 0x0000000713800000, 0x0000000713a00000|  0%| F|  |TAMS 0x0000000713800000| PB 0x0000000713800000| Untracked |  0
| 115|0x0000000713a00000, 0x0000000713a00000, 0x0000000713c00000|  0%| F|  |TAMS 0x0000000713a00000| PB 0x0000000713a00000| Untracked |  0
| 116|0x0000000713c00000, 0x0000000713c00000, 0x0000000713e00000|  0%| F|  |TAMS 0x0000000713c00000| PB 0x0000000713c00000| Untracked |  0
| 117|0x0000000713e00000, 0x0000000713e00000, 0x0000000714000000|  0%| F|  |TAMS 0x0000000713e00000| PB 0x0000000713e00000| Untracked |  0
| 118|0x0000000714000000, 0x0000000714000000, 0x0000000714200000|  0%| F|  |TAMS 0x0000000714000000| PB 0x0000000714000000| Untracked |  0
| 119|0x0000000714200000, 0x0000000714200000, 0x0000000714400000|  0%| F|  |TAMS 0x0000000714200000| PB 0x0000000714200000| Untracked |  0
| 120|0x0000000714400000, 0x0000000714400000, 0x0000000714600000|  0%| F|  |TAMS 0x0000000714400000| PB 0x0000000714400000| Untracked |  0
| 121|0x0000000714600000, 0x0000000714600000, 0x0000000714800000|  0%| F|  |TAMS 0x0000000714600000| PB 0x0000000714600000| Untracked |  0
| 122|0x0000000714800000, 0x00000007149eec98, 0x0000000714a00000| 96%| E|  |TAMS 0x0000000714800000| PB 0x0000000714800000| Complete |  0
| 123|0x0000000714a00000, 0x0000000714c00000, 0x0000000714c00000|100%| E|CS|TAMS 0x0000000714a00000| PB 0x0000000714a00000| Complete |  0
| 124|0x0000000714c00000, 0x0000000714e00000, 0x0000000714e00000|100%| E|CS|TAMS 0x0000000714c00000| PB 0x0000000714c00000| Complete |  0
| 125|0x0000000714e00000, 0x0000000715000000, 0x0000000715000000|100%| E|CS|TAMS 0x0000000714e00000| PB 0x0000000714e00000| Complete |  0

Card table byte_map: [0x0000016e63270000,0x0000016e63a50000] _byte_map_base: 0x0000016e5fa46000

Marking Bits: (CMBitMap*) 0x0000016e4b08d190
 Bits: [0x0000016e63a50000, 0x0000016e67900000)

Polling page: 0x0000016e4a7f0000

Metaspace:

Usage:
  Non-class:      6.78 MB used.
      Class:    934.22 KB used.
       Both:      7.69 MB used.

Virtual space:
  Non-class space:       64.00 MB reserved,       6.88 MB ( 11%) committed,  1 nodes.
      Class space:        1.00 GB reserved,       1.00 MB ( <1%) committed,  1 nodes.
             Both:        1.06 GB reserved,       7.88 MB ( <1%) committed. 

Chunk freelists:
   Non-Class:  8.94 MB
       Class:  14.97 MB
        Both:  23.91 MB

MaxMetaspaceSize: unlimited
CompressedClassSpaceSize: 1.00 GB
Initial GC threshold: 21.00 MB
Current GC threshold: 21.00 MB
CDS: on
 - commit_granule_bytes: 65536.
 - commit_granule_words: 8192.
 - virtual_space_node_default_size: 8388608.
 - enlarge_chunks_in_place: 1.
 - use_allocation_guard: 0.


Internal statistics:

num_allocs_failed_limit: 0.
num_arena_births: 152.
num_arena_deaths: 0.
num_vsnodes_births: 2.
num_vsnodes_deaths: 0.
num_space_committed: 126.
num_space_uncommitted: 0.
num_chunks_returned_to_freelist: 0.
num_chunks_taken_from_freelist: 193.
num_chunk_merges: 0.
num_chunk_splits: 118.
num_chunks_enlarged: 55.
num_inconsistent_stats: 0.

CodeHeap 'non-profiled nmethods': size=120064Kb used=250Kb max_used=250Kb free=119813Kb
 bounds [0x0000016e5b220000, 0x0000016e5b490000, 0x0000016e62760000]
CodeHeap 'profiled nmethods': size=120000Kb used=861Kb max_used=861Kb free=119139Kb
 bounds [0x0000016e53760000, 0x0000016e539d0000, 0x0000016e5ac90000]
CodeHeap 'non-nmethods': size=5696Kb used=1514Kb max_used=1527Kb free=4181Kb
 bounds [0x0000016e5ac90000, 0x0000016e5af00000, 0x0000016e5b220000]
CodeCache: size=245760Kb, used=2625Kb, max_used=2638Kb, free=243133Kb
 total_blobs=1402, nmethods=801, adapters=507, full_count=0
Compilation: enabled, stopped_count=0, restarted_count=0

Compilation events (20 events):
Event: 0.374 Thread 0x0000016e6a34ec80  793       3       javax.swing.GroupLayout::getComponentInfo (62 bytes)
Event: 0.375 Thread 0x0000016e6a34ec80 nmethod 793 0x0000016e53834588 code [0x0000016e53834720, 0x0000016e53834f40]
Event: 0.375 Thread 0x0000016e451e38e0  797       4       java.lang.Math::max (11 bytes)
Event: 0.375 Thread 0x0000016e6a34ec80  796   !   3       javax.swing.JComponent::getClientProperty (56 bytes)
Event: 0.375 Thread 0x0000016e6a34ec80 nmethod 796 0x0000016e53834f88 code [0x0000016e538350e0, 0x0000016e53835510]
Event: 0.375 Thread 0x0000016e6a34ec80  799       3       javax.swing.GroupLayout$Group::getSpringSize (62 bytes)
Event: 0.375 Thread 0x0000016e451e38e0 nmethod 797 0x0000016e5b25db88 code [0x0000016e5b25dc80, 0x0000016e5b25dcf0]
Event: 0.375 Thread 0x0000016e6a34ec80 nmethod 799 0x0000016e53835588 code [0x0000016e53835740, 0x0000016e53836230]
Event: 0.375 Thread 0x0000016e6a34ec80  800       3       sun.util.logging.PlatformLogger::isLoggable (23 bytes)
Event: 0.376 Thread 0x0000016e6a34ec80 nmethod 800 0x0000016e53836288 code [0x0000016e538363c0, 0x0000016e53836698]
Event: 0.376 Thread 0x0000016e6a34ec80  792       1       javax.swing.GroupLayout$ComponentInfo::isVisible (5 bytes)
Event: 0.376 Thread 0x0000016e6a34ec80 nmethod 792 0x0000016e5b25de88 code [0x0000016e5b25dfa0, 0x0000016e5b25e070]
Event: 0.376 Thread 0x0000016e6a34ec80  794       1       javax.swing.plaf.synth.SynthContext::getComponentState (5 bytes)
Event: 0.376 Thread 0x0000016e6a34ec80 nmethod 794 0x0000016e5b25e188 code [0x0000016e5b25e2a0, 0x0000016e5b25e368]
Event: 0.376 Thread 0x0000016e6a34ec80  795       1       javax.swing.plaf.synth.SynthContext::getStyle (5 bytes)
Event: 0.376 Thread 0x0000016e6a34ec80 nmethod 795 0x0000016e5b25e488 code [0x0000016e5b25e5a0, 0x0000016e5b25e670]
Event: 0.376 Thread 0x0000016e6a34ec80  798       1       java.awt.Component::isPreferredSizeSet (5 bytes)
Event: 0.376 Thread 0x0000016e6a34ec80 nmethod 798 0x0000016e5b25e788 code [0x0000016e5b25e8a0, 0x0000016e5b25e970]
Event: 0.379 Thread 0x0000016e6a34ec80  801       3       java.io.WinNTFileSystem::stripLongOrUNCPrefix (67 bytes)
Event: 0.379 Thread 0x0000016e6a34ec80 nmethod 801 0x0000016e53836708 code [0x0000016e53836940, 0x0000016e53837380]

GC Heap History (0 events):
No events

Dll operation events (11 events):
Event: 0.008 Loaded shared library C:\Program Files\Java\jdk-23\bin\java.dll
Event: 0.035 Loaded shared library C:\Program Files\Java\jdk-23\bin\jsvml.dll
Event: 0.066 Loaded shared library C:\Program Files\Java\jdk-23\bin\net.dll
Event: 0.067 Loaded shared library C:\Program Files\Java\jdk-23\bin\nio.dll
Event: 0.084 Loaded shared library C:\Program Files\Java\jdk-23\bin\zip.dll
Event: 0.100 Loaded shared library C:\Program Files\Java\jdk-23\bin\jimage.dll
Event: 0.113 Loaded shared library C:\Program Files\Java\jdk-23\bin\awt.dll
Event: 0.228 Loaded shared library C:\Program Files\Java\jdk-23\bin\freetype.dll
Event: 0.229 Loaded shared library C:\Program Files\Java\jdk-23\bin\fontmanager.dll
Event: 0.377 Loaded shared library C:\Program Files\Java\jdk-23\bin\verify.dll
Event: 0.380 Loaded shared library C:\Users\losro\.jssc\windows\jSSC-2.8_x86_64.dll

Deoptimization events (20 events):
Event: 0.305 Thread 0x0000016e4695c470 Uncommon trap: trap_request=0xffffffde fr.pc=0x0000016e5b24f70c relative=0x00000000000002ac
Event: 0.305 Thread 0x0000016e4695c470 Uncommon trap: reason=class_check action=maybe_recompile pc=0x0000016e5b24f70c method=java.util.HashMap.getNode(Ljava/lang/Object;)Ljava/util/HashMap$Node; @ 63 c2
Event: 0.305 Thread 0x0000016e4695c470 DEOPT PACKING pc=0x0000016e5b24f70c sp=0x0000001423cfe9c0
Event: 0.305 Thread 0x0000016e4695c470 DEOPT UNPACKING pc=0x0000016e5ace4402 sp=0x0000001423cfe928 mode 2
Event: 0.305 Thread 0x0000016e4695c470 Uncommon trap: trap_request=0xffffffde fr.pc=0x0000016e5b24f70c relative=0x00000000000002ac
Event: 0.305 Thread 0x0000016e4695c470 Uncommon trap: reason=class_check action=maybe_recompile pc=0x0000016e5b24f70c method=java.util.HashMap.getNode(Ljava/lang/Object;)Ljava/util/HashMap$Node; @ 63 c2
Event: 0.305 Thread 0x0000016e4695c470 DEOPT PACKING pc=0x0000016e5b24f70c sp=0x0000001423cfe9b0
Event: 0.305 Thread 0x0000016e4695c470 DEOPT UNPACKING pc=0x0000016e5ace4402 sp=0x0000001423cfe918 mode 2
Event: 0.305 Thread 0x0000016e4695c470 Uncommon trap: trap_request=0xffffffde fr.pc=0x0000016e5b24f70c relative=0x00000000000002ac
Event: 0.305 Thread 0x0000016e4695c470 Uncommon trap: reason=class_check action=maybe_recompile pc=0x0000016e5b24f70c method=java.util.HashMap.getNode(Ljava/lang/Object;)Ljava/util/HashMap$Node; @ 63 c2
Event: 0.305 Thread 0x0000016e4695c470 DEOPT PACKING pc=0x0000016e5b24f70c sp=0x0000001423cfe9b0
Event: 0.305 Thread 0x0000016e4695c470 DEOPT UNPACKING pc=0x0000016e5ace4402 sp=0x0000001423cfe918 mode 2
Event: 0.305 Thread 0x0000016e4695c470 Uncommon trap: trap_request=0xffffffde fr.pc=0x0000016e5b24f730 relative=0x00000000000002d0
Event: 0.305 Thread 0x0000016e4695c470 Uncommon trap: reason=class_check action=maybe_recompile pc=0x0000016e5b24f730 method=java.util.HashMap.getNode(Ljava/lang/Object;)Ljava/util/HashMap$Node; @ 128 c2
Event: 0.305 Thread 0x0000016e4695c470 DEOPT PACKING pc=0x0000016e5b24f730 sp=0x0000001423cfe9c0
Event: 0.305 Thread 0x0000016e4695c470 DEOPT UNPACKING pc=0x0000016e5ace4402 sp=0x0000001423cfe928 mode 2
Event: 0.315 Thread 0x0000016e4695c470 Uncommon trap: trap_request=0xffffffde fr.pc=0x0000016e5b24f70c relative=0x00000000000002ac
Event: 0.315 Thread 0x0000016e4695c470 Uncommon trap: reason=class_check action=maybe_recompile pc=0x0000016e5b24f70c method=java.util.HashMap.getNode(Ljava/lang/Object;)Ljava/util/HashMap$Node; @ 63 c2
Event: 0.315 Thread 0x0000016e4695c470 DEOPT PACKING pc=0x0000016e5b24f70c sp=0x0000001423cfe9c0
Event: 0.315 Thread 0x0000016e4695c470 DEOPT UNPACKING pc=0x0000016e5ace4402 sp=0x0000001423cfe928 mode 2

Classes loaded (20 events):
Event: 0.362 Loading class java/lang/foreign/MemorySegment$Scope done
Event: 0.362 Loading class jdk/internal/foreign/MemorySessionImpl done
Event: 0.363 Loading class sun/font/FontDesignMetrics$KeyReference
Event: 0.363 Loading class sun/font/FontDesignMetrics$KeyReference done
Event: 0.363 Loading class sun/font/CompositeGlyphMapper
Event: 0.363 Loading class sun/font/CompositeGlyphMapper done
Event: 0.371 Loading class javax/swing/LayoutStyle
Event: 0.372 Loading class javax/swing/LayoutStyle done
Event: 0.372 Loading class sun/swing/DefaultLayoutStyle
Event: 0.372 Loading class sun/swing/DefaultLayoutStyle done
Event: 0.374 Loading class javax/swing/GroupLayout$SpringDelta
Event: 0.374 Loading class javax/swing/GroupLayout$SpringDelta done
Event: 0.377 Loading class java/lang/SecurityException
Event: 0.377 Loading class java/lang/SecurityException done
Event: 0.378 Loading class java/lang/InterruptedException
Event: 0.378 Loading class java/lang/InterruptedException done
Event: 0.378 Loading class java/io/Reader
Event: 0.379 Loading class java/io/Reader done
Event: 0.379 Loading class java/io/InputStreamReader
Event: 0.379 Loading class java/io/InputStreamReader done

Classes unloaded (0 events):
No events

Classes redefined (0 events):
No events

Internal exceptions (20 events):
Event: 0.260 Thread 0x0000016e4b028f70 Exception <a 'java/lang/ClassNotFoundException'{0x0000000714b75670}: Button> (0x0000000714b75670) 
thrown [s\open\src\hotspot\share\classfile\systemDictionary.cpp, line 313]
Event: 0.260 Thread 0x0000016e4b028f70 Exception <a 'java/lang/ClassNotFoundException'{0x0000000714b75b38}: ToolBar> (0x0000000714b75b38) 
thrown [s\open\src\hotspot\share\classfile\systemDictionary.cpp, line 313]
Event: 0.260 Thread 0x0000016e4b028f70 Exception <a 'java/lang/ClassNotFoundException'{0x0000000714b75ea8}: ToggleButton> (0x0000000714b75ea8) 
thrown [s\open\src\hotspot\share\classfile\systemDictionary.cpp, line 313]
Event: 0.260 Thread 0x0000016e4b028f70 Exception <a 'java/lang/ClassNotFoundException'{0x0000000714b762e8}: javax/swing/JToolBarSeparator> (0x0000000714b762e8) 
thrown [s\open\src\hotspot\share\classfile\systemDictionary.cpp, line 313]
Event: 0.260 Thread 0x0000016e4b028f70 Exception <a 'java/lang/ClassNotFoundException'{0x0000000714b765f8}: ToolBarSeparator> (0x0000000714b765f8) 
thrown [s\open\src\hotspot\share\classfile\systemDictionary.cpp, line 313]
Event: 0.260 Thread 0x0000016e4b028f70 Exception <a 'java/lang/ClassNotFoundException'{0x0000000714b76b10}: ToolTip> (0x0000000714b76b10) 
thrown [s\open\src\hotspot\share\classfile\systemDictionary.cpp, line 313]
Event: 0.261 Thread 0x0000016e4b028f70 Exception <a 'java/lang/ClassNotFoundException'{0x0000000714b77460}: Tree> (0x0000000714b77460) 
thrown [s\open\src\hotspot\share\classfile\systemDictionary.cpp, line 313]
Event: 0.261 Thread 0x0000016e4b028f70 Exception <a 'java/lang/ClassNotFoundException'{0x0000000714b77958}: Tree> (0x0000000714b77958) 
thrown [s\open\src\hotspot\share\classfile\systemDictionary.cpp, line 313]
Event: 0.261 Thread 0x0000016e4b028f70 Exception <a 'java/lang/ClassNotFoundException'{0x0000000714b77cc8}: javax/swing/JTreeCell> (0x0000000714b77cc8) 
thrown [s\open\src\hotspot\share\classfile\systemDictionary.cpp, line 313]
Event: 0.261 Thread 0x0000016e4b028f70 Exception <a 'java/lang/ClassNotFoundException'{0x0000000714b77fd0}: TreeCell> (0x0000000714b77fd0) 
thrown [s\open\src\hotspot\share\classfile\systemDictionary.cpp, line 313]
Event: 0.261 Thread 0x0000016e4b028f70 Exception <a 'java/lang/ClassNotFoundException'{0x0000000714b78788}: RootPane> (0x0000000714b78788) 
thrown [s\open\src\hotspot\share\classfile\systemDictionary.cpp, line 313]
Event: 0.263 Thread 0x0000016e4b028f70 Exception <a 'java/lang/ClassNotFoundException'{0x0000000714b7b5e8}: com/sun/swing/internal/plaf/metal/resources/spi/metalProvider> (0x0000000714b7b5e8) 
thrown [s\open\src\hotspot\share\classfile\systemDictionary.cpp, line 313]
Event: 0.263 Thread 0x0000016e4b028f70 Exception <a 'java/lang/ClassNotFoundException'{0x0000000714b7f2f8}: com/sun/swing/internal/plaf/basic/resources/spi/basicProvider> (0x0000000714b7f2f8) 
thrown [s\open\src\hotspot\share\classfile\systemDictionary.cpp, line 313]
Event: 0.287 Thread 0x0000016e4695c470 Exception <a 'java/lang/ClassNotFoundException'{0x000000071487b850}: com/sun/swing/internal/plaf/synth/resources/spi/synthProvider> (0x000000071487b850) 
thrown [s\open\src\hotspot\share\classfile\systemDictionary.cpp, line 313]
Event: 0.302 Thread 0x0000016e4695c470 Exception <a 'java/lang/NoSuchMethodError'{0x00000007148bf228}: 'int java.lang.invoke.Invokers$Holder.invokeExact_MT(java.lang.Object, java.lang.Object)'> (0x00000007148bf228) 
thrown [s\open\src\hotspot\share\interpreter\linkResolver.cpp, line 796]
Event: 0.307 Thread 0x0000016e4695c470 Exception <a 'java/lang/NoSuchMethodError'{0x00000007148d2f78}: 'java.lang.Object java.lang.invoke.DirectMethodHandle$Holder.newInvokeSpecial(java.lang.Object, java.lang.Object, int)'> (0x00000007148d2f78) 
thrown [s\open\src\hotspot\share\interpreter\linkResolver.cpp, line 796]
Event: 0.309 Thread 0x0000016e4695c470 Exception <a 'java/lang/NoSuchMethodError'{0x00000007148e72b0}: 'java.lang.Object java.lang.invoke.DirectMethodHandle$Holder.invokeStatic(java.lang.Object, java.lang.Object, java.lang.Object, java.lang.Object, int)'> (0x00000007148e72b0) 
thrown [s\open\src\hotspot\share\interpreter\linkResolver.cpp, line 796]
Event: 0.310 Thread 0x0000016e4695c470 Exception <a 'java/lang/NoSuchMethodError'{0x00000007148f2ca8}: 'int java.lang.invoke.DirectMethodHandle$Holder.invokeSpecial(java.lang.Object, java.lang.Object, java.lang.Object)'> (0x00000007148f2ca8) 
thrown [s\open\src\hotspot\share\interpreter\linkResolver.cpp, line 796]
Event: 0.328 Thread 0x0000016e4533a6f0 Exception <a 'java/lang/NoSuchMethodError'{0x0000000714a0e6f0}: 'void java.lang.invoke.DirectMethodHandle$Holder.invokeVirtual(java.lang.Object, java.lang.Object)'> (0x0000000714a0e6f0) 
thrown [s\open\src\hotspot\share\interpreter\linkResolver.cpp, line 796]
Event: 0.341 Thread 0x0000016e4695c470 Exception <a 'java/lang/NoSuchMethodError'{0x0000000714939410}: 'void java.lang.invoke.DirectMethodHandle$Holder.invokeStaticInit(java.lang.Object)'> (0x0000000714939410) 
thrown [s\open\src\hotspot\share\interpreter\linkResolver.cpp, line 796]

VM Operations (6 events):
Event: 0.071 Executing VM operation: HandshakeAllThreads (Deoptimize)
Event: 0.071 Executing VM operation: HandshakeAllThreads (Deoptimize) done
Event: 0.137 Executing VM operation: HandshakeAllThreads (Deoptimize)
Event: 0.137 Executing VM operation: HandshakeAllThreads (Deoptimize) done
Event: 0.332 Executing VM operation: HandshakeAllThreads (Deoptimize)
Event: 0.332 Executing VM operation: HandshakeAllThreads (Deoptimize) done

Memory protections (0 events):
No events

Nmethod flushes (0 events):
No events

Events (18 events):
Event: 0.021 Thread 0x0000016e4b028f70 Thread added: 0x0000016e4b028f70
Event: 0.033 Thread 0x0000016e4b028f70 Thread added: 0x0000016e6a336670
Event: 0.033 Thread 0x0000016e4b028f70 Thread added: 0x0000016e6a3391e0
Event: 0.033 Thread 0x0000016e4b028f70 Thread added: 0x0000016e6a33bc50
Event: 0.033 Thread 0x0000016e4b028f70 Thread added: 0x0000016e6a33c910
Event: 0.033 Thread 0x0000016e4b028f70 Thread added: 0x0000016e6a33d5d0
Event: 0.033 Thread 0x0000016e4b028f70 Thread added: 0x0000016e6a346ce0
Event: 0.033 Thread 0x0000016e4b028f70 Thread added: 0x0000016e6a348080
Event: 0.033 Thread 0x0000016e4b028f70 Thread added: 0x0000016e6a34ec80
Event: 0.055 Thread 0x0000016e4b028f70 Thread added: 0x0000016e450e00a0
Event: 0.078 Thread 0x0000016e6a34ec80 Thread added: 0x0000016e451e38e0
Event: 0.081 Thread 0x0000016e4b028f70 Thread added: 0x0000016e4520c310
Event: 0.162 Thread 0x0000016e4b028f70 Thread added: 0x0000016e45335620
Event: 0.163 Thread 0x0000016e4b028f70 Thread added: 0x0000016e453390f0
Event: 0.164 Thread 0x0000016e4b028f70 Thread added: 0x0000016e4533a6f0
Event: 0.276 Thread 0x0000016e4b028f70 Thread added: 0x0000016e4695c470
Event: 0.276 Thread 0x0000016e4b028f70 Thread exited: 0x0000016e4b028f70
Event: 0.276 Thread 0x0000016e4b028f70 Thread added: 0x0000016e4b028f70


Dynamic libraries:
0x00007ff630750000 - 0x00007ff630760000 	C:\Program Files\Java\jdk-23\bin\java.exe
0x00007ffab31e0000 - 0x00007ffab3443000 	C:\WINDOWS\SYSTEM32\ntdll.dll
0x00007ffab24c0000 - 0x00007ffab2587000 	C:\WINDOWS\System32\KERNEL32.DLL
0x00007ffab0a80000 - 0x00007ffab0e30000 	C:\WINDOWS\System32\KERNELBASE.dll
0x00007ffab0710000 - 0x00007ffab085b000 	C:\WINDOWS\System32\ucrtbase.dll
0x00007ffa8c940000 - 0x00007ffa8c957000 	C:\Program Files\Java\jdk-23\bin\jli.dll
0x00007ffaaaa40000 - 0x00007ffaaaa5b000 	C:\Program Files\Java\jdk-23\bin\VCRUNTIME140.dll
0x00007ffab2d20000 - 0x00007ffab2ee3000 	C:\WINDOWS\System32\USER32.dll
0x00007ffab0860000 - 0x00007ffab0887000 	C:\WINDOWS\System32\win32u.dll
0x00007ffab30c0000 - 0x00007ffab30ea000 	C:\WINDOWS\System32\GDI32.dll
0x00007ffa99910000 - 0x00007ffa99ba0000 	C:\WINDOWS\WinSxS\amd64_microsoft.windows.common-controls_6595b64144ccf1df_6.0.26100.1882_none_3e0e949ae32eca40\COMCTL32.dll
0x00007ffab0890000 - 0x00007ffab09b3000 	C:\WINDOWS\System32\gdi32full.dll
0x00007ffab25a0000 - 0x00007ffab2649000 	C:\WINDOWS\System32\msvcrt.dll
0x00007ffab05e0000 - 0x00007ffab0683000 	C:\WINDOWS\System32\msvcp_win.dll
0x00007ffab1a70000 - 0x00007ffab1a9f000 	C:\WINDOWS\System32\IMM32.DLL
0x00007ffaaaee0000 - 0x00007ffaaaeec000 	C:\Program Files\Java\jdk-23\bin\vcruntime140_1.dll
0x00007ffa8c990000 - 0x00007ffa8ca1e000 	C:\Program Files\Java\jdk-23\bin\msvcp140.dll
0x00007ffa34050000 - 0x00007ffa34d9f000 	C:\Program Files\Java\jdk-23\bin\server\jvm.dll
0x00007ffab28d0000 - 0x00007ffab2984000 	C:\WINDOWS\System32\ADVAPI32.dll
0x00007ffab2740000 - 0x00007ffab27e6000 	C:\WINDOWS\System32\sechost.dll
0x00007ffab11c0000 - 0x00007ffab12d6000 	C:\WINDOWS\System32\RPCRT4.dll
0x00007ffab12e0000 - 0x00007ffab1354000 	C:\WINDOWS\System32\WS2_32.dll
0x00007ffab0480000 - 0x00007ffab04ce000 	C:\WINDOWS\SYSTEM32\POWRPROF.dll
0x00007ffaadec0000 - 0x00007ffaadef6000 	C:\WINDOWS\SYSTEM32\WINMM.dll
0x00007ffaa6800000 - 0x00007ffaa680b000 	C:\WINDOWS\SYSTEM32\VERSION.dll
0x00007ffab0460000 - 0x00007ffab0474000 	C:\WINDOWS\SYSTEM32\UMPDC.dll
0x00007ffaaf440000 - 0x00007ffaaf45a000 	C:\WINDOWS\SYSTEM32\kernel.appcore.dll
0x00007ffaaaa70000 - 0x00007ffaaaa7a000 	C:\Program Files\Java\jdk-23\bin\jimage.dll
0x00007ffaadc70000 - 0x00007ffaadeb1000 	C:\WINDOWS\SYSTEM32\DBGHELP.DLL
0x00007ffab29a0000 - 0x00007ffab2d1c000 	C:\WINDOWS\System32\combase.dll
0x00007ffab1fa0000 - 0x00007ffab2076000 	C:\WINDOWS\System32\OLEAUT32.dll
0x00007ffaadc30000 - 0x00007ffaadc69000 	C:\WINDOWS\SYSTEM32\dbgcore.DLL
0x00007ffab0e40000 - 0x00007ffab0ed9000 	C:\WINDOWS\System32\bcryptPrimitives.dll
0x00007ffaa9a40000 - 0x00007ffaa9a5e000 	C:\Program Files\Java\jdk-23\bin\java.dll
0x00007ffab22d0000 - 0x00007ffab2469000 	C:\WINDOWS\System32\ole32.dll
0x00007ffab1370000 - 0x00007ffab1a68000 	C:\WINDOWS\System32\SHELL32.dll
0x00007ffaae3c0000 - 0x00007ffaaebea000 	C:\WINDOWS\SYSTEM32\windows.storage.dll
0x00007ffab27f0000 - 0x00007ffab28c3000 	C:\WINDOWS\System32\SHCORE.dll
0x00007ffab1ab0000 - 0x00007ffab1b0d000 	C:\WINDOWS\System32\shlwapi.dll
0x00007ffab0500000 - 0x00007ffab0529000 	C:\WINDOWS\SYSTEM32\profapi.dll
0x00007ffa8c130000 - 0x00007ffa8c207000 	C:\Program Files\Java\jdk-23\bin\jsvml.dll
0x00007ffa9b950000 - 0x00007ffa9b960000 	C:\Program Files\Java\jdk-23\bin\net.dll
0x00007ffaaf940000 - 0x00007ffaaf9a8000 	C:\WINDOWS\system32\mswsock.dll
0x00007ffa9a870000 - 0x00007ffa9a886000 	C:\Program Files\Java\jdk-23\bin\nio.dll
0x00007ffa95aa0000 - 0x00007ffa95ab7000 	C:\Program Files\Java\jdk-23\bin\zip.dll
0x00007ffa840f0000 - 0x00007ffa8427e000 	C:\Program Files\Java\jdk-23\bin\awt.dll
0x00007ffaaad20000 - 0x00007ffaaadbc000 	C:\WINDOWS\SYSTEM32\apphelp.dll
0x00007ffaad370000 - 0x00007ffaad41d000 	C:\WINDOWS\system32\uxtheme.dll
0x00007ffab1060000 - 0x00007ffab11bb000 	C:\WINDOWS\System32\MSCTF.dll
0x00007ffaad6a0000 - 0x00007ffaad6ce000 	C:\WINDOWS\system32\DWMAPI.DLL
0x00007ffa84060000 - 0x00007ffa840e7000 	C:\Program Files\Java\jdk-23\bin\freetype.dll
0x00007ffa73210000 - 0x00007ffa732e7000 	C:\Program Files\Java\jdk-23\bin\fontmanager.dll
0x00007ffa86200000 - 0x00007ffa8630c000 	C:\WINDOWS\system32\opengl32.dll
0x00007ffa874f0000 - 0x00007ffa8751d000 	C:\WINDOWS\SYSTEM32\GLU32.dll
0x00007ffaad500000 - 0x00007ffaad540000 	C:\WINDOWS\SYSTEM32\dxcore.dll
0x00007ffa98fc0000 - 0x00007ffa98fd0000 	C:\Program Files\Java\jdk-23\bin\verify.dll
0x0000000071100000 - 0x0000000071125000 	C:\Users\losro\.jssc\windows\jSSC-2.8_x86_64.dll

dbghelp: loaded successfully - version: 4.0.5 - missing functions: none
symbol engine: initialized successfully - sym options: 0x614 - pdb path: .;C:\Program Files\Java\jdk-23\bin;C:\WINDOWS\SYSTEM32;C:\WINDOWS\WinSxS\amd64_microsoft.windows.common-controls_6595b64144ccf1df_6.0.26100.1882_none_3e0e949ae32eca40;C:\Program Files\Java\jdk-23\bin\server;C:\Users\losro\.jssc\windows

VM Arguments:
jvm_args: -Dfile.encoding=UTF-8 --module-path=C:\Users\losro\Documents\NetBeansProjects\NeoPixelFN\build\classes 
java_command: neopixelfn.InterfazLeds
java_class_path (initial): C:\Users\losro\Documents\NetBeansProjects\NeoPixelFN\PanamaHitek_Arduino-3.2.0.jar;C:\Users\losro\Downloads\jSSC-2.8.0-Release.zip;C:\Users\losro\Downloads\jSSC-2.8.0-Release\jssc.jar;C:\Users\losro\Documents\Comunicacion Serial\ComunicacionSerial-2.1.jar;C:\Users\losro\Documents\NetBeansProjects\NeoPixelFN\build\classes
Launcher Type: SUN_STANDARD

[Global flags]
     intx CICompilerCount                          = 4                                         {product} {ergonomic}
     uint ConcGCThreads                            = 2                                         {product} {ergonomic}
     uint G1ConcRefinementThreads                  = 8                                         {product} {ergonomic}
   size_t G1HeapRegionSize                         = 2097152                                   {product} {ergonomic}
   size_t InitialHeapSize                          = 264241152                                 {product} {ergonomic}
   size_t MarkStackSize                            = 4194304                                   {product} {ergonomic}
   size_t MarkStackSizeMax                         = 536870912                                 {product} {ergonomic}
   size_t MaxHeapSize                              = 4206886912                                {product} {ergonomic}
   size_t MaxNewSize                               = 2522873856                                {product} {ergonomic}
   size_t MinHeapDeltaBytes                        = 2097152                                   {product} {ergonomic}
   size_t MinHeapSize                              = 8388608                                   {product} {ergonomic}
    uintx NonNMethodCodeHeapSize                   = 5832704                                {pd product} {ergonomic}
    uintx NonProfiledCodeHeapSize                  = 122945536                              {pd product} {ergonomic}
    uintx ProfiledCodeHeapSize                     = 122880000                              {pd product} {ergonomic}
    uintx ReservedCodeCacheSize                    = 251658240                              {pd product} {ergonomic}
     bool SegmentedCodeCache                       = true                                      {product} {ergonomic}
   size_t SoftMaxHeapSize                          = 4206886912                             {manageable} {ergonomic}
     bool UseCompressedOops                        = true                           {product lp64_product} {ergonomic}
     bool UseG1GC                                  = true                                      {product} {ergonomic}
     bool UseLargePagesIndividualAllocation        = false                                  {pd product} {ergonomic}

Logging:
Log output configuration:
 #0: stdout all=warning uptime,level,tags foldmultilines=false
 #1: stderr all=off uptime,level,tags foldmultilines=false

Environment Variables:
PATH=C:\Program Files\Common Files\Oracle\Java\javapath;C:\WINDOWS\system32;C:\WINDOWS;C:\WINDOWS\System32\Wbem;C:\WINDOWS\System32\WindowsPowerShell\v1.0\;C:\WINDOWS\System32\OpenSSH\;C:\Users\losro\AppData\Local\Microsoft\WindowsApps;
USERNAME=losro
OS=Windows_NT
PROCESSOR_IDENTIFIER=Intel64 Family 6 Model 142 Stepping 12, GenuineIntel
TMP=C:\Users\losro\AppData\Local\Temp
TEMP=C:\Users\losro\AppData\Local\Temp




Periodic native trim disabled

---------------  S Y S T E M  ---------------

OS:
 Windows 11 , 64 bit Build 26100 (10.0.26100.1882)
OS uptime: 0 days 12:19 hours

CPU: total 8 (initial active 8) (4 cores per cpu, 2 threads per core) family 6 model 142 stepping 12 microcode 0xfc, cx8, cmov, fxsr, ht, mmx, 3dnowpref, sse, sse2, sse3, ssse3, sse4.1, sse4.2, popcnt, lzcnt, tsc, tscinvbit, avx, avx2, aes, erms, clmul, bmi1, bmi2, adx, fma, vzeroupper, clflush, clflushopt, rdtscp, f16c
Processor Information for processor 0
  Max Mhz: 2208, Current Mhz: 1505, Mhz Limit: 1700
Processor Information for processor 1
  Max Mhz: 2208, Current Mhz: 1505, Mhz Limit: 1700
Processor Information for processor 2
  Max Mhz: 2208, Current Mhz: 1706, Mhz Limit: 1700
Processor Information for processor 3
  Max Mhz: 2208, Current Mhz: 1505, Mhz Limit: 1700
Processor Information for processor 4
  Max Mhz: 2208, Current Mhz: 1706, Mhz Limit: 1700
Processor Information for processor 5
  Max Mhz: 2208, Current Mhz: 1505, Mhz Limit: 1700
Processor Information for processor 6
  Max Mhz: 2208, Current Mhz: 1706, Mhz Limit: 1700
Processor Information for processor 7
  Max Mhz: 2208, Current Mhz: 1505, Mhz Limit: 1700

Memory: 4k page, system-wide physical 16045M (8501M free)
TotalPageFile size 18989M (AvailPageFile size 10147M)
current process WorkingSet (physical memory assigned to process): 67M, peak: 67M
current process commit charge ("private bytes"): 354M, peak: 354M

vm_info: Java HotSpot(TM) 64-Bit Server VM (23.0.1+11-39) for windows-amd64 JRE (23.0.1+11-39), built on 2024-09-30T07:20:43Z with MS VC++ 17.6 (VS2022)

END.
