#
# A fatal error has been detected by the Java Runtime Environment:
#
#  EXCEPTION_ACCESS_VIOLATION (0xc0000005) at pc=0x00007ffca679be01, pid=10248, tid=11544
#
# JRE version: Java(TM) SE Runtime Environment (23.0.1+11) (build 23.0.1+11-39)
# Java VM: Java HotSpot(TM) 64-Bit Server VM (23.0.1+11-39, mixed mode, sharing, tiered, compressed oops, compressed class ptrs, g1 gc, windows-amd64)
# Problematic frame:
# C  [awt.dll+0xdbe01]
#
# No core dump will be written. Minidumps are not enabled by default on client versions of Windows
#
# If you would like to submit a bug report, please visit:
#   https://bugreport.java.com/bugreport/crash.jsp
# The crash happened outside the Java Virtual Machine in native code.
# See problematic frame for where to report the bug.
#

---------------  S U M M A R Y ------------

Command Line: -Dfile.encoding=UTF-8 --module-path=C:\Users\losro\Documents\NetBeansProjects\NeoPixelFNL\build\classes neopixelfn.InterfazLeds

Host: Intel(R) Core(TM) i5-10310U CPU @ 1.70GHz, 8 cores, 15G,  Windows 11 , 64 bit Build 26100 (10.0.26100.1882)
Time: Mon Nov 11 15:15:42 2024 Hora estándar central (México) elapsed time: 1238.948458 seconds (0d 0h 20m 38s)

---------------  T H R E A D  ---------------

Current thread (0x000002215433a0d0):  JavaThread "AWT-Windows" daemon [_thread_in_native, id=11544, stack(0x000000cd14c00000,0x000000cd14d00000) (1024K)]

Stack: [0x000000cd14c00000,0x000000cd14d00000],  sp=0x000000cd14cfea60,  free space=1018k
Native frames: (J=compiled Java code, j=interpreted, Vv=VM code, C=native code)
C  [awt.dll+0xdbe01]  (no source info available)
C  [awt.dll+0x9783c]  (no source info available)
C  [awt.dll+0x978e6]  (no source info available)
C  [awt.dll+0x94cb6]  (no source info available)
C  [awt.dll+0xe0f8c]  (no source info available)
C  [awt.dll+0xb0d3d]  (no source info available)
C  [awt.dll+0x97e1d]  (no source info available)
C  [USER32.dll+0x15801]  (no source info available)
C  [USER32.dll+0x152dc]  (no source info available)
C  [awt.dll+0x161c3]  (no source info available)
C  [COMCTL32.dll+0x24d78]  (no source info available)
C  [COMCTL32.dll+0x24b4f]  (no source info available)
C  [USER32.dll+0x15801]  (no source info available)
C  [USER32.dll+0x1334d]  (no source info available)
C  [awt.dll+0xd530e]  (no source info available)
C  [awt.dll+0xd7242]  (no source info available)
C  0x000002210753d207  (no source info available)

The last pc belongs to native method entry point (kind = native) (printed below).
Java frames: (J=compiled Java code, j=interpreted, Vv=VM code)
j  sun.awt.windows.WToolkit.eventLoop()V+0 java.desktop@23.0.1
j  sun.awt.windows.WToolkit.run()V+50 java.desktop@23.0.1
j  java.lang.Thread.runWith(Ljava/lang/Object;Ljava/lang/Runnable;)V+5 java.base@23.0.1
j  java.lang.Thread.run()V+19 java.base@23.0.1
v  ~StubRoutines::call_stub 0x0000022107530fcd

siginfo: EXCEPTION_ACCESS_VIOLATION (0xc0000005), reading address 0x0000000000000008


Registers:
RAX=0x0000000000000000, RBX=0x0000022156050a90, RCX=0x0000000000000000, RDX=0x0000000000000000
RSP=0x000000cd14cfea60, RBP=0x000000cd14cfeb69, RSI=0x000000001c011242, RDI=0x0000000000000000
R8 =0x0000000000000001, R9 =0x000000cd13382000, R10=0x0000000000000000, R11=0x0000000000000246
R12=0x0000000000000000, R13=0x0000000000000310, R14=0x0000000000000000, R15=0x0000000000000000
RIP=0x00007ffca679be01, EFLAGS=0x0000000000010246


Register to memory mapping:

RAX=0x0 is null
RBX=0x0000022156050a90 points into unknown readable memory: 0x0000022154182580 | 80 25 18 54 21 02 00 00
RCX=0x0 is null
RDX=0x0 is null
RSP=0x000000cd14cfea60 is pointing into the stack for thread: 0x000002215433a0d0
RBP=0x000000cd14cfeb69 is pointing into the stack for thread: 0x000002215433a0d0
RSI=0x000000001c011242 is an unknown value
RDI=0x0 is null
R8 =0x0000000000000001 is an unknown value
R9 =0x000000cd13382000 points into unknown readable memory: 0x0000000000000000 | 00 00 00 00 00 00 00 00
R10=0x0 is null
R11=0x0000000000000246 is an unknown value
R12=0x0 is null
R13=0x0000000000000310 is an unknown value
R14=0x0 is null
R15=0x0 is null

Top of Stack: (sp=0x000000cd14cfea60)
0x000000cd14cfea60:   00007ffca67f9838 000000001c011242
0x000000cd14cfea70:   0000000000000000 0000000000000000
0x000000cd14cfea80:   0000000000000000 00007ffca675783c
0x000000cd14cfea90:   000000001c011242 0000022155f1f630
0x000000cd14cfeaa0:   0000022156050a90 000000cd14cfedd8
0x000000cd14cfeab0:   0000000000000000 00007ffca67578e6
0x000000cd14cfeac0:   0000022155f1f630 00007ffca66c0000
0x000000cd14cfead0:   000000cd14cfebc8 00007ffcd1394d78
0x000000cd14cfeae0:   0000000000000000 00007ffca6754cb6
0x000000cd14cfeaf0:   0000022155f1f630 0000000000000000
0x000000cd14cfeb00:   00007ffca6757dc0 00007ffcececf4ee
0x000000cd14cfeb10:   0000000000000000 00007ffcec53a5b9
0x000000cd14cfeb20:   000000cd14cfebc0 0000000000000001
0x000000cd14cfeb30:   0000000000000000 000000cd14cfebc8
0x000000cd14cfeb40:   0000000000000000 0000000000000000
0x000000cd14cfeb50:   0000000000000000 000002215433a490
0x000000cd14cfeb60:   0000022155f1f6d0 0000000000000000
0x000000cd14cfeb70:   0000000000000000 0000550fc281a645
0x000000cd14cfeb80:   0000000000000000 0000000000000000
0x000000cd14cfeb90:   0000000000000000 0000000000000000
0x000000cd14cfeba0:   0000000000000000 0000000000000310
0x000000cd14cfebb0:   0000000000000000 0000022155f1f630
0x000000cd14cfebc0:   0000022155f1f630 00007ffca67a0f8c
0x000000cd14cfebd0:   0000000000000000 0000cf388d916826
0x000000cd14cfebe0:   00009938daf20b7b 0000000000000022
0x000000cd14cfebf0:   0000000000000001 0000000000000000
0x000000cd14cfec00:   0000000000000000 00007ffcec515a32
0x000000cd14cfec10:   0000000000000000 000000000000c2d9
0x000000cd14cfec20:   0000000000000022 00007ffcece9e0cf
0x000000cd14cfec30:   0000000000300c94 00007ffcec51658a
0x000000cd14cfec40:   ffffffffffffffeb 0000550fc281a765
0x000000cd14cfec50:   000002216d2b0380 0000000000000000 

Instructions: (pc=0x00007ffca679be01)
0x00007ffca679bd01:   83 ec 28 66 0f 6e c2 0f 5b c0 f3 0f 59 41 48 0f
0x00007ffca679bd11:   5a c8 f2 0f 10 05 bd 4e 03 00 f2 0f 5c 0d e5 4e
0x00007ffca679bd21:   01 00 66 0f 2f c1 76 0a b8 00 00 00 80 48 83 c4
0x00007ffca679bd31:   28 c3 66 0f 2f 0d 65 98 02 00 76 0a b8 ff ff ff
0x00007ffca679bd41:   7f 48 83 c4 28 c3 0f 28 c1 e8 af 0e 01 00 f2 0f
0x00007ffca679bd51:   2c c0 48 83 c4 28 c3 cc cc cc cc cc cc cc cc 48
0x00007ffca679bd61:   83 ec 28 66 0f 6e c2 0f 5b c0 f3 0f 59 41 4c 0f
0x00007ffca679bd71:   5a c8 f2 0f 10 05 5d 4e 03 00 f2 0f 5c 0d 85 4e
0x00007ffca679bd81:   01 00 66 0f 2f c1 76 0a b8 00 00 00 80 48 83 c4
0x00007ffca679bd91:   28 c3 66 0f 2f 0d 05 98 02 00 76 0a b8 ff ff ff
0x00007ffca679bda1:   7f 48 83 c4 28 c3 0f 28 c1 e8 4f 0e 01 00 f2 0f
0x00007ffca679bdb1:   2c c0 48 83 c4 28 c3 cc cc cc cc cc cc cc cc 48
0x00007ffca679bdc1:   8b 49 08 48 85 c9 0f 85 b3 7c fe ff 33 c0 c3 48
0x00007ffca679bdd1:   89 5c 24 08 48 89 74 24 10 57 48 83 ec 20 8b fa
0x00007ffca679bde1:   48 8b f1 e8 b7 be f4 ff 48 8b d8 48 89 44 24 40
0x00007ffca679bdf1:   41 b8 01 00 00 00 8b d7 48 8b c8 e8 1f be f4 ff
0x00007ffca679be01:   48 8b 48 08 48 85 c9 74 0d 48 8b d6 e8 6e 7c fe
0x00007ffca679be11:   ff 48 8b f8 eb 02 33 ff 48 8b cb e8 3f c0 f4 ff
0x00007ffca679be21:   90 48 8b c7 48 8b 5c 24 30 48 8b 74 24 38 48 83
0x00007ffca679be31:   c4 20 5f c3 cc cc cc cc cc cc cc cc cc cc cc 48
0x00007ffca679be41:   8b 01 89 10 c3 cc cc cc cc cc cc cc cc cc cc 40
0x00007ffca679be51:   57 48 83 ec 40 48 83 79 38 00 48 8b f9 0f 84 96
0x00007ffca679be61:   01 00 00 48 8b 0d b5 9f 06 00 ba 02 00 01 00 48
0x00007ffca679be71:   89 5c 24 58 48 89 74 24 68 e8 40 d8 00 00 4c 8b
0x00007ffca679be81:   05 12 a5 06 00 48 8b c8 48 8b 57 38 48 8b d8 4c
0x00007ffca679be91:   8b 08 41 ff 91 f8 02 00 00 48 8b f0 48 85 c0 0f
0x00007ffca679bea1:   84 4a 01 00 00 4c 8b 0b 48 8b d0 4c 8b 05 d5 a4
0x00007ffca679beb1:   06 00 48 8b cb 41 ff 91 00 01 00 00 84 c0 0f 84
0x00007ffca679bec1:   2b 01 00 00 48 8b 7f 08 48 8b d6 48 8b 03 48 8b
0x00007ffca679bed1:   cb 4c 8b 05 c7 a4 06 00 48 81 c7 00 04 00 00 48
0x00007ffca679bee1:   89 6c 24 60 4c 89 64 24 38 ff 90 f8 02 00 00 4c
0x00007ffca679bef1:   8b 0b 48 8b d6 4c 8b 05 ab a4 06 00 48 8b cb 4c 


Stack slot to memory mapping:

stack at sp + 0 slots: 0x00007ffca67f9838 awt.dll
stack at sp + 1 slots: 0x000000001c011242 is an unknown value
stack at sp + 2 slots: 0x0 is null
stack at sp + 3 slots: 0x0 is null
stack at sp + 4 slots: 0x0 is null
stack at sp + 5 slots: 0x00007ffca675783c awt.dll
stack at sp + 6 slots: 0x000000001c011242 is an unknown value
stack at sp + 7 slots: 0x0000022155f1f630 points into unknown readable memory: 0x00007ffca67cc860 | 60 c8 7c a6 fc 7f 00 00

Lock stack of current Java thread (top to bottom):

native method entry point (kind = native)  [0x000002210753cde0, 0x000002210753d938]  2904 bytes
[MachCode]
  0x000002210753cde0: 488b 4b08 | 0fb7 492e | 584c 8d74 | ccf8 6800 | 0000 0068 | 0000 0000 | 5055 488b | ec41 5568 
  0x000002210753ce00: 0000 0000 | 4c8b 6b08 | 4d8d 6d38 | 5348 8b53 | 0848 8b52 | 0848 8b52 | 1848 8b52 | 7048 8b12 
  0x000002210753ce20: 5248 8b53 | 1048 85d2 | 0f84 0700 | 0000 4881 | c210 0100 | 0052 488b | 5308 488b | 5208 488b 
  0x000002210753ce40: 5210 5249 | 8bc6 482b | c548 c1e8 | 0350 6800 | 0000 0068 | f7ff ffff | 41c6 8771 | 0400 0001 
  0x000002210753ce60: 488b 4310 | 4885 c074 | 208b 88cc | 0000 0083 | c102 8988 | cc00 0000 | 2388 e000 | 0000 0f84 
  0x000002210753ce80: 000a 0000 | e9cf 0000 | 0048 8b43 | 1848 85c0 | 0f85 b000 | 0000 e805 | 0000 00e9 | 9900 0000 
  0x000002210753cea0: 488b d348 | 8d44 2408 | 4c89 6dc0 | 498b cfc5 | f877 4989 | afb0 0300 | 0049 8987 | a003 0000 
  0x000002210753cec0: 4883 ec20 | 40f6 c40f | 0f84 1900 | 0000 4883 | ec08 48b8 | 9026 c360 | fc7f 0000 | ffd0 4883 
  0x000002210753cee0: c408 e90c | 0000 0048 | b890 26c3 | 60fc 7f00 | 00ff d048 | 83c4 2049 | c787 a003 | 0000 0000 
  0x000002210753cf00: 0000 49c7 | 87b0 0300 | 0000 0000 | 0049 c787 | a803 0000 | 0000 0000 | c5f8 7749 | 837f 0800 
  0x000002210753cf20: 0f84 0500 | 0000 e995 | 3fff ff4c | 8b6d c04c | 8b75 c84e | 8d74 f500 | c348 8b43 | 1848 85c0 
  0x000002210753cf40: 0f84 1200 | 0000 8b48 | 0883 c102 | 8948 0823 | 481c 0f84 | 2c09 0000 | 493b a7e8 | 0400 000f 
  0x000002210753cf60: 8748 0000 | 0089 8424 | 00f0 ffff | 8984 2400 | e0ff ff89 | 8424 00d0 | ffff 8984 | 2400 c0ff 
  0x000002210753cf80: ff89 8424 | 00b0 ffff | 8984 2400 | a0ff ff89 | 8424 0090 | ffff 8984 | 2400 80ff | ff49 3ba7 
  0x000002210753cfa0: e004 0000 | 7607 4989 | a7e8 0400 | 0041 c687 | 7104 0000 | 0049 ba41 | ad4a 61fc | 7f00 0041 
  0x000002210753cfc0: 803a 000f | 843e 0000 | 0048 8b55 | e849 8bcf | 4883 ec20 | 40f6 c40f | 0f84 1900 | 0000 4883 
  0x000002210753cfe0: ec08 48b8 | 10ee fa60 | fc7f 0000 | ffd0 4883 | c408 e90c | 0000 0048 | b810 eefa | 60fc 7f00 
  0x000002210753d000: 00ff d048 | 83c4 2048 | 8b5d e84c | 8b5b 0845 | 0fb7 5b2e | 41c1 e303 | 492b e348 | 83ec 2048 
  0x000002210753d020: 83e4 f04c | 8b5b 604d | 85db 0f85 | ab00 0000 | e805 0000 | 00e9 9900 | 0000 488b | d348 8d44 
  0x000002210753d040: 2408 4c89 | 6dc0 498b | cfc5 f877 | 4989 afb0 | 0300 0049 | 8987 a003 | 0000 4883 | ec20 40f6 
  0x000002210753d060: c40f 0f84 | 1900 0000 | 4883 ec08 | 48b8 f04d | c360 fc7f | 0000 ffd0 | 4883 c408 | e90c 0000 
  0x000002210753d080: 0048 b8f0 | 4dc3 60fc | 7f00 00ff | d048 83c4 | 2049 c787 | a003 0000 | 0000 0000 | 49c7 87b0 
  0x000002210753d0a0: 0300 0000 | 0000 0049 | c787 a803 | 0000 0000 | 0000 c5f8 | 7749 837f | 0800 0f84 | 0500 0000 
  0x000002210753d0c0: e9fb 3dff | ff4c 8b6d | c04c 8b75 | c84e 8d74 | f500 c348 | 8b5d e84c | 8b5b 6041 | ffd3 488b 
  0x000002210753d0e0: 5de8 4889 | 4518 448b | 5b28 41f6 | c308 0f84 | 1b00 0000 | 4c8b 5b08 | 4d8b 5b08 | 4d8b 5b18 
  0x000002210753d100: 4d8b 5b70 | 4d8b 1b4c | 895d 1048 | 8d55 1048 | 8b43 5849 | ba60 3cfb | 60fc 7f00 | 0049 3bc2 
  0x000002210753d120: 0f85 ab00 | 0000 e805 | 0000 00e9 | 9900 0000 | 488b d348 | 8d44 2408 | 4c89 6dc0 | 498b cfc5 
  0x000002210753d140: f877 4989 | afb0 0300 | 0049 8987 | a003 0000 | 4883 ec20 | 40f6 c40f | 0f84 1900 | 0000 4883 
  0x000002210753d160: ec08 48b8 | f04d c360 | fc7f 0000 | ffd0 4883 | c408 e90c | 0000 0048 | b8f0 4dc3 | 60fc 7f00 
  0x000002210753d180: 00ff d048 | 83c4 2049 | c787 a003 | 0000 0000 | 0000 49c7 | 87b0 0300 | 0000 0000 | 0049 c787 
  0x000002210753d1a0: a803 0000 | 0000 0000 | c5f8 7749 | 837f 0800 | 0f84 0500 | 0000 e905 | 3dff ff4c | 8b6d c04c 
  0x000002210753d1c0: 8b75 c84e | 8d74 f500 | c348 8b5d | e848 8b43 | 5849 8d8f | c003 0000 | c5f8 7749 | 89af b003 
  0x000002210753d1e0: 0000 49ba | d8d1 5307 | 2102 0000 | 4d89 97a8 | 0300 0049 | 89a7 a003 | 0000 41c7 | 8744 0400 
  0x000002210753d200: 0004 0000 | 00ff d0c5 | f877 4883 | ec10 c5fb | 1104 2448 | 83ec 1048 | 8904 2448 | c744 2408 
  0x000002210753d220: 0000 0000 | 41c7 8744 | 0400 0005 | 0000 00f0 | 8344 24c0 | 0049 3baf | 4804 0000 | 0f87 0e00 
  0x000002210753d240: 0000 4183 | bf40 0400 | 0000 0f84 | 2000 0000 | 498b cf4c | 8be4 4883 | ec20 4883 | e4f0 48b8 
  0x000002210753d260: 90a9 c460 | fc7f 0000 | ffd0 498b | e44d 33e4 | 41c7 8744 | 0400 0008 | 0000 0049 | c787 a003 
  0x000002210753d280: 0000 0000 | 0000 49c7 | 87b0 0300 | 0000 0000 | 0049 c787 | a803 0000 | 0000 0000 | c5f8 774d 
  0x000002210753d2a0: 8b9f 3004 | 0000 41c7 | 8300 0100 | 0000 0000 | 0049 bbda | a553 0721 | 0200 004c | 3b5d 180f 
  0x000002210753d2c0: 8524 0200 | 0048 8b04 | 2448 83c4 | 1048 85c0 | 0f84 fe01 | 0000 a803 | 0f85 0800 | 0000 488b 
  0x000002210753d2e0: 00e9 ee01 | 0000 a801 | 0f85 0900 | 0000 488b | 40fe e9dd | 0100 0048 | 8b40 ff41 | 807f 3800 
  0x000002210753d300: 0f84 ce01 | 0000 4883 | f800 0f84 | c401 0000 | 4d8b 5f28 | 4983 fb00 | 0f84 1400 | 0000 4983 
  0x000002210753d320: eb08 4d89 | 5f28 4d03 | 5f30 4989 | 03e9 a201 | 0000 4881 | ecd0 0000 | 0048 8904 | 2448 894c 
  0x000002210753d340: 2408 4889 | 5424 1048 | 8974 2418 | 4889 7c24 | 204c 8944 | 2428 4c89 | 4c24 304c | 8954 2438 
  0x000002210753d360: 4c89 5c24 | 40c5 fb11 | 4424 50c5 | fb11 4c24 | 58c5 fb11 | 5424 60c5 | fb11 5c24 | 68c5 fb11 
  0x000002210753d380: 6424 70c5 | fb11 6c24 | 78c5 fb11 | b424 8000 | 0000 c5fb | 11bc 2488 | 0000 00c5 | 7b11 8424 
  0x000002210753d3a0: 9000 0000 | c57b 118c | 2498 0000 | 00c5 7b11 | 9424 a000 | 0000 c57b | 119c 24a8 | 0000 00c5 
  0x000002210753d3c0: 7b11 a424 | b000 0000 | c57b 11ac | 24b8 0000 | 00c5 7b11 | b424 c000 | 0000 c57b | 11bc 24c8 
  0x000002210753d3e0: 0000 0049 | 8bd7 488b | c848 83ec | 2040 f6c4 | 0f0f 8419 | 0000 0048 | 83ec 0848 | b8e0 07b8 
  0x000002210753d400: 60fc 7f00 | 00ff d048 | 83c4 08e9 | 0c00 0000 | 48b8 e007 | b860 fc7f | 0000 ffd0 | 4883 c420 
  0x000002210753d420: c57b 10bc | 24c8 0000 | 00c5 7b10 | b424 c000 | 0000 c57b | 10ac 24b8 | 0000 00c5 | 7b10 a424 
  0x000002210753d440: b000 0000 | c57b 109c | 24a8 0000 | 00c5 7b10 | 9424 a000 | 0000 c57b | 108c 2498 | 0000 00c5 
  0x000002210753d460: 7b10 8424 | 9000 0000 | c5fb 10bc | 2488 0000 | 00c5 fb10 | b424 8000 | 0000 c5fb | 106c 2478 
  0x000002210753d480: c5fb 1064 | 2470 c5fb | 105c 2468 | c5fb 1054 | 2460 c5fb | 104c 2458 | c5fb 1044 | 2450 4c8b 
  0x000002210753d4a0: 5c24 404c | 8b54 2438 | 4c8b 4c24 | 304c 8b44 | 2428 488b | 7c24 2048 | 8b74 2418 | 488b 5424 
  0x000002210753d4c0: 1048 8b4c | 2408 488b | 0424 4881 | c4d0 0000 | 00c5 f877 | 4889 4510 | 4883 ec10 | 4889 0424 
  0x000002210753d4e0: 48c7 4424 | 0800 0000 | 0041 83bf | c804 0000 | 020f 85bf | 0000 0048 | 81ec 8000 | 0000 4889 
  0x000002210753d500: 4424 7848 | 894c 2470 | 4889 5424 | 6848 895c | 2460 4889 | 6c24 5048 | 8974 2448 | 4889 7c24 
  0x000002210753d520: 404c 8944 | 2438 4c89 | 4c24 304c | 8954 2428 | 4c89 5c24 | 204c 8964 | 2418 4c89 | 6c24 104c 
  0x000002210753d540: 8974 2408 | 4c89 3c24 | 4c8b e448 | 83ec 2048 | 83e4 f048 | b8c0 22fb | 60fc 7f00 | 00ff d049 
  0x000002210753d560: 8be4 4c8b | 3c24 4c8b | 7424 084c | 8b6c 2410 | 4c8b 6424 | 184c 8b5c | 2420 4c8b | 5424 284c 
  0x000002210753d580: 8b4c 2430 | 4c8b 4424 | 3848 8b7c | 2440 488b | 7424 4848 | 8b6c 2450 | 488b 5c24 | 6048 8b54 
  0x000002210753d5a0: 2468 488b | 4c24 7048 | 8b44 2478 | 4881 c480 | 0000 004d | 33e4 488b | 5de8 4c8b | 6b08 4d8d 
  0x000002210753d5c0: 6d38 4983 | 7f08 000f | 84bb 0000 | 00e8 0500 | 0000 e996 | 0000 0048 | 8d44 2408 | 4c89 6dc0 
  0x000002210753d5e0: 498b cfc5 | f877 4989 | afb0 0300 | 0049 8987 | a003 0000 | 4883 ec20 | 40f6 c40f | 0f84 1900 
  0x000002210753d600: 0000 4883 | ec08 48b8 | 006c c360 | fc7f 0000 | ffd0 4883 | c408 e90c | 0000 0048 | b800 6cc3 
  0x000002210753d620: 60fc 7f00 | 00ff d048 | 83c4 2049 | c787 a003 | 0000 0000 | 0000 49c7 | 87b0 0300 | 0000 0000 
  0x000002210753d640: 0049 c787 | a803 0000 | 0000 0000 | c5f8 7749 | 837f 0800 | 0f84 0500 | 0000 e961 | 38ff ff4c 
  0x000002210753d660: 8b6d c04c | 8b75 c84e | 8d74 f500 | c348 b940 | d522 61fc | 7f00 0048 | 83e4 f048 | b870 4ae9 
  0x000002210753d680: 60fc 7f00 | 00ff d0f4 | 448b 5b28 | 41f6 c320 | 0f84 7901 | 0000 488d | 55a8 4c8b | 5a08 4d85 
  0x000002210753d6a0: db0f 85bb | 0000 00e8 | 0500 0000 | e996 0000 | 0048 8d44 | 2408 4c89 | 6dc0 498b | cfc5 f877 
  0x000002210753d6c0: 4989 afb0 | 0300 0049 | 8987 a003 | 0000 4883 | ec20 40f6 | c40f 0f84 | 1900 0000 | 4883 ec08 
  0x000002210753d6e0: 48b8 306b | c360 fc7f | 0000 ffd0 | 4883 c408 | e90c 0000 | 0048 b830 | 6bc3 60fc | 7f00 00ff 
  0x000002210753d700: d048 83c4 | 2049 c787 | a003 0000 | 0000 0000 | 49c7 87b0 | 0300 0000 | 0000 0049 | c787 a803 
  0x000002210753d720: 0000 0000 | 0000 c5f8 | 7749 837f | 0800 0f84 | 0500 0000 | e987 37ff | ff4c 8b6d | c04c 8b75 
  0x000002210753d740: c84e 8d74 | f500 c348 | b940 d522 | 61fc 7f00 | 0048 83e4 | f048 b870 | 4ae9 60fc | 7f00 00ff 
  0x000002210753d760: d0f4 4c89 | 6dc0 4c8b | 4a08 48c7 | 4208 0000 | 0000 458b | 8718 0600 | 004f 3b4c | 07f8 0f85 
  0x000002210753d780: 4900 0000 | 4183 af18 | 0600 0008 | 4f3b 4c07 | f00f 842a | 0000 0049 | 8b01 a802 | 0f85 1200 
  0x000002210753d7a0: 0000 4c8b | c049 83c8 | 01f0 4d0f | b101 0f84 | 0d00 0000 | 4183 8718 | 0600 0008 | e90c 0000 
  0x000002210753d7c0: 0049 ff8f | 5005 0000 | e93e 0000 | 004c 894a | 0848 8bca | 4883 ec20 | 40f6 c40f | 0f84 1900 
  0x000002210753d7e0: 0000 4883 | ec08 48b8 | f03d c360 | fc7f 0000 | ffd0 4883 | c408 e90c | 0000 0048 | b8f0 3dc3 
  0x000002210753d800: 60fc 7f00 | 00ff d048 | 83c4 204c | 8b6d c049 | ba41 ad4a | 61fc 7f00 | 0041 803a | 000f 843e 
  0x000002210753d820: 0000 0048 | 8b55 e849 | 8bcf 4883 | ec20 40f6 | c40f 0f84 | 1900 0000 | 4883 ec08 | 48b8 10ee 
  0x000002210753d840: fa60 fc7f | 0000 ffd0 | 4883 c408 | e90c 0000 | 0048 b810 | eefa 60fc | 7f00 00ff | d048 83c4 
  0x000002210753d860: 2048 8b04 | 2448 83c4 | 10c5 fb10 | 0424 4883 | c410 4c8b | 5d18 41ff | d34c 8b5d | f8c9 5f49 
  0x000002210753d880: 8be3 ffe7 | ba00 0000 | 00e8 0500 | 0000 e996 | 0000 0048 | 8d44 2408 | 4c89 6dc0 | 498b cfc5 
  0x000002210753d8a0: f877 4989 | afb0 0300 | 0049 8987 | a003 0000 | 4883 ec20 | 40f6 c40f | 0f84 1900 | 0000 4883 
  0x000002210753d8c0: ec08 48b8 | a031 c360 | fc7f 0000 | ffd0 4883 | c408 e90c | 0000 0048 | b8a0 31c3 | 60fc 7f00 
  0x000002210753d8e0: 00ff d048 | 83c4 2049 | c787 a003 | 0000 0000 | 0000 49c7 | 87b0 0300 | 0000 0000 | 0049 c787 
  0x000002210753d900: a803 0000 | 0000 0000 | c5f8 7749 | 837f 0800 | 0f84 0500 | 0000 e9a5 | 35ff ff4c | 8b6d c04c 
  0x000002210753d920: 8b75 c84e | 8d74 f500 | c348 8b5d | e8e9 26f6 | ffff 660f | 1f44 0000 
[/MachCode]

---------------  P R O C E S S  ---------------

Threads class SMR info:
_java_thread_list=0x0000022157288fb0, length=16, elements={
0x000002217f2b3ae0, 0x000002217f2b70c0, 0x000002217f2b8f00, 0x000002217f2b9960,
0x000002217f2bbaa0, 0x000002217f2bc630, 0x000002217f2cf760, 0x000002217f2cfe20,
0x00000221540e5e00, 0x00000221541bde40, 0x000002215435c290, 0x0000022154338a60,
0x000002215433a0d0, 0x0000022155966100, 0x0000022155966770, 0x0000022155e9d700
}

Java Threads: ( => current thread )
  0x000002217f2b3ae0 JavaThread "Reference Handler"          daemon [_thread_blocked, id=15812, stack(0x000000cd14000000,0x000000cd14100000) (1024K)]
  0x000002217f2b70c0 JavaThread "Finalizer"                  daemon [_thread_blocked, id=17528, stack(0x000000cd14100000,0x000000cd14200000) (1024K)]
  0x000002217f2b8f00 JavaThread "Signal Dispatcher"          daemon [_thread_blocked, id=1324, stack(0x000000cd14200000,0x000000cd14300000) (1024K)]
  0x000002217f2b9960 JavaThread "Attach Listener"            daemon [_thread_blocked, id=6696, stack(0x000000cd14300000,0x000000cd14400000) (1024K)]
  0x000002217f2bbaa0 JavaThread "Service Thread"             daemon [_thread_blocked, id=20236, stack(0x000000cd14400000,0x000000cd14500000) (1024K)]
  0x000002217f2bc630 JavaThread "Monitor Deflation Thread"   daemon [_thread_blocked, id=13340, stack(0x000000cd14500000,0x000000cd14600000) (1024K)]
  0x000002217f2cf760 JavaThread "C2 CompilerThread0"         daemon [_thread_blocked, id=3736, stack(0x000000cd14600000,0x000000cd14700000) (1024K)]
  0x000002217f2cfe20 JavaThread "C1 CompilerThread0"         daemon [_thread_blocked, id=3824, stack(0x000000cd14700000,0x000000cd14800000) (1024K)]
  0x00000221540e5e00 JavaThread "Common-Cleaner"             daemon [_thread_blocked, id=16264, stack(0x000000cd14800000,0x000000cd14900000) (1024K)]
  0x00000221541bde40 JavaThread "Notification Thread"        daemon [_thread_blocked, id=12136, stack(0x000000cd14900000,0x000000cd14a00000) (1024K)]
  0x000002215435c290 JavaThread "Java2D Disposer"            daemon [_thread_blocked, id=12728, stack(0x000000cd14a00000,0x000000cd14b00000) (1024K)]
  0x0000022154338a60 JavaThread "AWT-Shutdown"                      [_thread_blocked, id=328, stack(0x000000cd14b00000,0x000000cd14c00000) (1024K)]
=>0x000002215433a0d0 JavaThread "AWT-Windows"                daemon [_thread_in_native, id=11544, stack(0x000000cd14c00000,0x000000cd14d00000) (1024K)]
  0x0000022155966100 JavaThread "AWT-EventQueue-0"                  [_thread_in_native, id=19928, stack(0x000000cd14d00000,0x000000cd14e00000) (1024K)]
  0x0000022155966770 JavaThread "DestroyJavaVM"                     [_thread_blocked, id=20412, stack(0x000000cd13800000,0x000000cd13900000) (1024K)]
  0x0000022155e9d700 JavaThread "TimerQueue"                 daemon [_thread_blocked, id=15652, stack(0x000000cd14f00000,0x000000cd15000000) (1024K)]
Total: 16

Other Threads:
  0x000002217f29ba30 VMThread "VM Thread"                           [id=17596, stack(0x000000cd13f00000,0x000000cd14000000) (1024K)]
  0x000002217f285860 WatcherThread "VM Periodic Task Thread"        [id=3416, stack(0x000000cd13e00000,0x000000cd13f00000) (1024K)]
  0x000002216effccc0 WorkerThread "GC Thread#0"                     [id=8664, stack(0x000000cd13900000,0x000000cd13a00000) (1024K)]
  0x0000022155f546d0 WorkerThread "GC Thread#1"                     [id=11296, stack(0x000000cd13500000,0x000000cd13600000) (1024K)]
  0x0000022155f7e020 WorkerThread "GC Thread#2"                     [id=4704, stack(0x000000cd13600000,0x000000cd13700000) (1024K)]
  0x0000022155f7e3d0 WorkerThread "GC Thread#3"                     [id=4044, stack(0x000000cd13700000,0x000000cd13800000) (1024K)]
  0x0000022155f7e780 WorkerThread "GC Thread#4"                     [id=1744, stack(0x000000cd15200000,0x000000cd15300000) (1024K)]
  0x0000022155f7eb30 WorkerThread "GC Thread#5"                     [id=6312, stack(0x000000cd15300000,0x000000cd15400000) (1024K)]
  0x00000221570c8e50 WorkerThread "GC Thread#6"                     [id=6444, stack(0x000000cd15400000,0x000000cd15500000) (1024K)]
  0x0000022155ac1010 WorkerThread "GC Thread#7"                     [id=7988, stack(0x000000cd15500000,0x000000cd15600000) (1024K)]
  0x000002216f0125a0 ConcurrentGCThread "G1 Main Marker"            [id=15304, stack(0x000000cd13a00000,0x000000cd13b00000) (1024K)]
  0x000002216f013850 WorkerThread "G1 Conc#0"                       [id=15908, stack(0x000000cd13b00000,0x000000cd13c00000) (1024K)]
  0x000002217f151570 ConcurrentGCThread "G1 Refine#0"               [id=19712, stack(0x000000cd13c00000,0x000000cd13d00000) (1024K)]
  0x000002217f153db0 ConcurrentGCThread "G1 Service"                [id=20076, stack(0x000000cd13d00000,0x000000cd13e00000) (1024K)]
Total: 14

Threads with active compile tasks:
Total: 0

VM state: not at safepoint (normal execution)

VM Mutex/Monitor currently owned by a thread: None

Heap address: 0x0000000705400000, size: 4012 MB, Compressed Oops mode: Zero based, Oop shift amount: 3

CDS archive(s) mapped at: [0x000002210f000000-0x000002210fd70000-0x000002210fd70000), size 14090240, SharedBaseAddress: 0x000002210f000000, ArchiveRelocationMode: 1.
Compressed class space mapped at: 0x0000022110000000-0x0000022150000000, reserved size: 1073741824
Narrow klass base: 0x000002210f000000, Narrow klass shift: 0, Narrow klass range: 0x41000000

GC Precious Log:
 CardTable entry size: 512
 Card Set container configuration: InlinePtr #cards 4 size 8 Array Of Cards #cards 16 size 48 Howl #buckets 8 coarsen threshold 3686 Howl Bitmap #cards 512 size 80 coarsen threshold 460 Card regions per heap region 1 cards per card region 4096
 CPUs: 8 total, 8 available
 Memory: 16045M
 Large Page Support: Disabled
 NUMA Support: Disabled
 Compressed Oops: Enabled (Zero based)
 Heap Region Size: 2M
 Heap Min Capacity: 8M
 Heap Initial Capacity: 252M
 Heap Max Capacity: 4012M
 Pre-touch: Disabled
 Parallel Workers: 8
 Concurrent Workers: 2
 Concurrent Refinement Workers: 8
 Periodic GC: Disabled

Heap:
 garbage-first heap   total reserved 4108288K, committed 258048K, used 31904K [0x0000000705400000, 0x0000000800000000)
  region size 2048K, 4 young (8192K), 2 survivors (4096K)
 Metaspace       used 13694K, committed 13952K, reserved 1114112K
  class space    used 1538K, committed 1664K, reserved 1048576K

Heap Regions: E=young(eden), S=young(survivor), O=old, HS=humongous(starts), HC=humongous(continues), CS=collection set, F=free, TAMS=top-at-mark-start, PB=parsable bottom
|   0|0x0000000705400000, 0x0000000705600000, 0x0000000705600000|100%|HS|  |TAMS 0x0000000705400000| PB 0x0000000705400000| Complete |  0
|   1|0x0000000705600000, 0x0000000705800000, 0x0000000705800000|100%|HS|  |TAMS 0x0000000705600000| PB 0x0000000705600000| Complete |  0
|   2|0x0000000705800000, 0x0000000705a00000, 0x0000000705a00000|100%|HC|  |TAMS 0x0000000705800000| PB 0x0000000705800000| Complete |  0
|   3|0x0000000705a00000, 0x0000000705c00000, 0x0000000705c00000|100%|HS|  |TAMS 0x0000000705a00000| PB 0x0000000705a00000| Complete |  0
|   4|0x0000000705c00000, 0x0000000705e00000, 0x0000000705e00000|100%|HS|  |TAMS 0x0000000705c00000| PB 0x0000000705c00000| Complete |  0
|   5|0x0000000705e00000, 0x0000000706000000, 0x0000000706000000|100%|HC|  |TAMS 0x0000000705e00000| PB 0x0000000705e00000| Complete |  0
|   6|0x0000000706000000, 0x0000000706200000, 0x0000000706200000|100%|HC|  |TAMS 0x0000000706000000| PB 0x0000000706000000| Complete |  0
|   7|0x0000000706200000, 0x0000000706400000, 0x0000000706400000|100%|HC|  |TAMS 0x0000000706200000| PB 0x0000000706200000| Complete |  0
|   8|0x0000000706400000, 0x0000000706528148, 0x0000000706600000| 57%| O|  |TAMS 0x0000000706400000| PB 0x0000000706400000| Untracked |  0
|   9|0x0000000706600000, 0x0000000706800000, 0x0000000706800000|100%|HS|  |TAMS 0x0000000706600000| PB 0x0000000706600000| Complete |  0
|  10|0x0000000706800000, 0x0000000706a00000, 0x0000000706a00000|100%|HC|  |TAMS 0x0000000706800000| PB 0x0000000706800000| Complete |  0
|  11|0x0000000706a00000, 0x0000000706c00000, 0x0000000706c00000|100%|HS|  |TAMS 0x0000000706a00000| PB 0x0000000706a00000| Complete |  0
|  12|0x0000000706c00000, 0x0000000706e00000, 0x0000000706e00000|100%|HC|  |TAMS 0x0000000706c00000| PB 0x0000000706c00000| Complete |  0
|  13|0x0000000706e00000, 0x0000000706e00000, 0x0000000707000000|  0%| F|  |TAMS 0x0000000706e00000| PB 0x0000000706e00000| Untracked |  0
|  14|0x0000000707000000, 0x0000000707000000, 0x0000000707200000|  0%| F|  |TAMS 0x0000000707000000| PB 0x0000000707000000| Untracked |  0
|  15|0x0000000707200000, 0x0000000707200000, 0x0000000707400000|  0%| F|  |TAMS 0x0000000707200000| PB 0x0000000707200000| Untracked |  0
|  16|0x0000000707400000, 0x0000000707400000, 0x0000000707600000|  0%| F|  |TAMS 0x0000000707400000| PB 0x0000000707400000| Untracked |  0
|  17|0x0000000707600000, 0x0000000707600000, 0x0000000707800000|  0%| F|  |TAMS 0x0000000707600000| PB 0x0000000707600000| Untracked |  0
|  18|0x0000000707800000, 0x0000000707800000, 0x0000000707a00000|  0%| F|  |TAMS 0x0000000707800000| PB 0x0000000707800000| Untracked |  0
|  19|0x0000000707a00000, 0x0000000707a00000, 0x0000000707c00000|  0%| F|  |TAMS 0x0000000707a00000| PB 0x0000000707a00000| Untracked |  0
|  20|0x0000000707c00000, 0x0000000707c00000, 0x0000000707e00000|  0%| F|  |TAMS 0x0000000707c00000| PB 0x0000000707c00000| Untracked |  0
|  21|0x0000000707e00000, 0x0000000707e00000, 0x0000000708000000|  0%| F|  |TAMS 0x0000000707e00000| PB 0x0000000707e00000| Untracked |  0
|  22|0x0000000708000000, 0x0000000708000000, 0x0000000708200000|  0%| F|  |TAMS 0x0000000708000000| PB 0x0000000708000000| Untracked |  0
|  23|0x0000000708200000, 0x0000000708200000, 0x0000000708400000|  0%| F|  |TAMS 0x0000000708200000| PB 0x0000000708200000| Untracked |  0
|  24|0x0000000708400000, 0x0000000708400000, 0x0000000708600000|  0%| F|  |TAMS 0x0000000708400000| PB 0x0000000708400000| Untracked |  0
|  25|0x0000000708600000, 0x0000000708600000, 0x0000000708800000|  0%| F|  |TAMS 0x0000000708600000| PB 0x0000000708600000| Untracked |  0
|  26|0x0000000708800000, 0x0000000708800000, 0x0000000708a00000|  0%| F|  |TAMS 0x0000000708800000| PB 0x0000000708800000| Untracked |  0
|  27|0x0000000708a00000, 0x0000000708a00000, 0x0000000708c00000|  0%| F|  |TAMS 0x0000000708a00000| PB 0x0000000708a00000| Untracked |  0
|  28|0x0000000708c00000, 0x0000000708c00000, 0x0000000708e00000|  0%| F|  |TAMS 0x0000000708c00000| PB 0x0000000708c00000| Untracked |  0
|  29|0x0000000708e00000, 0x0000000708e00000, 0x0000000709000000|  0%| F|  |TAMS 0x0000000708e00000| PB 0x0000000708e00000| Untracked |  0
|  30|0x0000000709000000, 0x0000000709000000, 0x0000000709200000|  0%| F|  |TAMS 0x0000000709000000| PB 0x0000000709000000| Untracked |  0
|  31|0x0000000709200000, 0x0000000709200000, 0x0000000709400000|  0%| F|  |TAMS 0x0000000709200000| PB 0x0000000709200000| Untracked |  0
|  32|0x0000000709400000, 0x0000000709400000, 0x0000000709600000|  0%| F|  |TAMS 0x0000000709400000| PB 0x0000000709400000| Untracked |  0
|  33|0x0000000709600000, 0x0000000709600000, 0x0000000709800000|  0%| F|  |TAMS 0x0000000709600000| PB 0x0000000709600000| Untracked |  0
|  34|0x0000000709800000, 0x0000000709800000, 0x0000000709a00000|  0%| F|  |TAMS 0x0000000709800000| PB 0x0000000709800000| Untracked |  0
|  35|0x0000000709a00000, 0x0000000709a00000, 0x0000000709c00000|  0%| F|  |TAMS 0x0000000709a00000| PB 0x0000000709a00000| Untracked |  0
|  36|0x0000000709c00000, 0x0000000709c00000, 0x0000000709e00000|  0%| F|  |TAMS 0x0000000709c00000| PB 0x0000000709c00000| Untracked |  0
|  37|0x0000000709e00000, 0x0000000709e00000, 0x000000070a000000|  0%| F|  |TAMS 0x0000000709e00000| PB 0x0000000709e00000| Untracked |  0
|  38|0x000000070a000000, 0x000000070a000000, 0x000000070a200000|  0%| F|  |TAMS 0x000000070a000000| PB 0x000000070a000000| Untracked |  0
|  39|0x000000070a200000, 0x000000070a200000, 0x000000070a400000|  0%| F|  |TAMS 0x000000070a200000| PB 0x000000070a200000| Untracked |  0
|  40|0x000000070a400000, 0x000000070a400000, 0x000000070a600000|  0%| F|  |TAMS 0x000000070a400000| PB 0x000000070a400000| Untracked |  0
|  41|0x000000070a600000, 0x000000070a600000, 0x000000070a800000|  0%| F|  |TAMS 0x000000070a600000| PB 0x000000070a600000| Untracked |  0
|  42|0x000000070a800000, 0x000000070a800000, 0x000000070aa00000|  0%| F|  |TAMS 0x000000070a800000| PB 0x000000070a800000| Untracked |  0
|  43|0x000000070aa00000, 0x000000070aa00000, 0x000000070ac00000|  0%| F|  |TAMS 0x000000070aa00000| PB 0x000000070aa00000| Untracked |  0
|  44|0x000000070ac00000, 0x000000070ac00000, 0x000000070ae00000|  0%| F|  |TAMS 0x000000070ac00000| PB 0x000000070ac00000| Untracked |  0
|  45|0x000000070ae00000, 0x000000070ae00000, 0x000000070b000000|  0%| F|  |TAMS 0x000000070ae00000| PB 0x000000070ae00000| Untracked |  0
|  46|0x000000070b000000, 0x000000070b000000, 0x000000070b200000|  0%| F|  |TAMS 0x000000070b000000| PB 0x000000070b000000| Untracked |  0
|  47|0x000000070b200000, 0x000000070b200000, 0x000000070b400000|  0%| F|  |TAMS 0x000000070b200000| PB 0x000000070b200000| Untracked |  0
|  48|0x000000070b400000, 0x000000070b400000, 0x000000070b600000|  0%| F|  |TAMS 0x000000070b400000| PB 0x000000070b400000| Untracked |  0
|  49|0x000000070b600000, 0x000000070b600000, 0x000000070b800000|  0%| F|  |TAMS 0x000000070b600000| PB 0x000000070b600000| Untracked |  0
|  50|0x000000070b800000, 0x000000070b800000, 0x000000070ba00000|  0%| F|  |TAMS 0x000000070b800000| PB 0x000000070b800000| Untracked |  0
|  51|0x000000070ba00000, 0x000000070ba00000, 0x000000070bc00000|  0%| F|  |TAMS 0x000000070ba00000| PB 0x000000070ba00000| Untracked |  0
|  52|0x000000070bc00000, 0x000000070bc00000, 0x000000070be00000|  0%| F|  |TAMS 0x000000070bc00000| PB 0x000000070bc00000| Untracked |  0
|  53|0x000000070be00000, 0x000000070be00000, 0x000000070c000000|  0%| F|  |TAMS 0x000000070be00000| PB 0x000000070be00000| Untracked |  0
|  54|0x000000070c000000, 0x000000070c000000, 0x000000070c200000|  0%| F|  |TAMS 0x000000070c000000| PB 0x000000070c000000| Untracked |  0
|  55|0x000000070c200000, 0x000000070c200000, 0x000000070c400000|  0%| F|  |TAMS 0x000000070c200000| PB 0x000000070c200000| Untracked |  0
|  56|0x000000070c400000, 0x000000070c400000, 0x000000070c600000|  0%| F|  |TAMS 0x000000070c400000| PB 0x000000070c400000| Untracked |  0
|  57|0x000000070c600000, 0x000000070c600000, 0x000000070c800000|  0%| F|  |TAMS 0x000000070c600000| PB 0x000000070c600000| Untracked |  0
|  58|0x000000070c800000, 0x000000070c800000, 0x000000070ca00000|  0%| F|  |TAMS 0x000000070c800000| PB 0x000000070c800000| Untracked |  0
|  59|0x000000070ca00000, 0x000000070ca00000, 0x000000070cc00000|  0%| F|  |TAMS 0x000000070ca00000| PB 0x000000070ca00000| Untracked |  0
|  60|0x000000070cc00000, 0x000000070cc00000, 0x000000070ce00000|  0%| F|  |TAMS 0x000000070cc00000| PB 0x000000070cc00000| Untracked |  0
|  61|0x000000070ce00000, 0x000000070ce00000, 0x000000070d000000|  0%| F|  |TAMS 0x000000070ce00000| PB 0x000000070ce00000| Untracked |  0
|  62|0x000000070d000000, 0x000000070d000000, 0x000000070d200000|  0%| F|  |TAMS 0x000000070d000000| PB 0x000000070d000000| Untracked |  0
|  63|0x000000070d200000, 0x000000070d200000, 0x000000070d400000|  0%| F|  |TAMS 0x000000070d200000| PB 0x000000070d200000| Untracked |  0
|  64|0x000000070d400000, 0x000000070d400000, 0x000000070d600000|  0%| F|  |TAMS 0x000000070d400000| PB 0x000000070d400000| Untracked |  0
|  65|0x000000070d600000, 0x000000070d600000, 0x000000070d800000|  0%| F|  |TAMS 0x000000070d600000| PB 0x000000070d600000| Untracked |  0
|  66|0x000000070d800000, 0x000000070d800000, 0x000000070da00000|  0%| F|  |TAMS 0x000000070d800000| PB 0x000000070d800000| Untracked |  0
|  67|0x000000070da00000, 0x000000070da00000, 0x000000070dc00000|  0%| F|  |TAMS 0x000000070da00000| PB 0x000000070da00000| Untracked |  0
|  68|0x000000070dc00000, 0x000000070dc00000, 0x000000070de00000|  0%| F|  |TAMS 0x000000070dc00000| PB 0x000000070dc00000| Untracked |  0
|  69|0x000000070de00000, 0x000000070de00000, 0x000000070e000000|  0%| F|  |TAMS 0x000000070de00000| PB 0x000000070de00000| Untracked |  0
|  70|0x000000070e000000, 0x000000070e000000, 0x000000070e200000|  0%| F|  |TAMS 0x000000070e000000| PB 0x000000070e000000| Untracked |  0
|  71|0x000000070e200000, 0x000000070e200000, 0x000000070e400000|  0%| F|  |TAMS 0x000000070e200000| PB 0x000000070e200000| Untracked |  0
|  72|0x000000070e400000, 0x000000070e400000, 0x000000070e600000|  0%| F|  |TAMS 0x000000070e400000| PB 0x000000070e400000| Untracked |  0
|  73|0x000000070e600000, 0x000000070e600000, 0x000000070e800000|  0%| F|  |TAMS 0x000000070e600000| PB 0x000000070e600000| Untracked |  0
|  74|0x000000070e800000, 0x000000070e800000, 0x000000070ea00000|  0%| F|  |TAMS 0x000000070e800000| PB 0x000000070e800000| Untracked |  0
|  75|0x000000070ea00000, 0x000000070ea00000, 0x000000070ec00000|  0%| F|  |TAMS 0x000000070ea00000| PB 0x000000070ea00000| Untracked |  0
|  76|0x000000070ec00000, 0x000000070ec00000, 0x000000070ee00000|  0%| F|  |TAMS 0x000000070ec00000| PB 0x000000070ec00000| Untracked |  0
|  77|0x000000070ee00000, 0x000000070ee00000, 0x000000070f000000|  0%| F|  |TAMS 0x000000070ee00000| PB 0x000000070ee00000| Untracked |  0
|  78|0x000000070f000000, 0x000000070f000000, 0x000000070f200000|  0%| F|  |TAMS 0x000000070f000000| PB 0x000000070f000000| Untracked |  0
|  79|0x000000070f200000, 0x000000070f200000, 0x000000070f400000|  0%| F|  |TAMS 0x000000070f200000| PB 0x000000070f200000| Untracked |  0
|  80|0x000000070f400000, 0x000000070f400000, 0x000000070f600000|  0%| F|  |TAMS 0x000000070f400000| PB 0x000000070f400000| Untracked |  0
|  81|0x000000070f600000, 0x000000070f600000, 0x000000070f800000|  0%| F|  |TAMS 0x000000070f600000| PB 0x000000070f600000| Untracked |  0
|  82|0x000000070f800000, 0x000000070f800000, 0x000000070fa00000|  0%| F|  |TAMS 0x000000070f800000| PB 0x000000070f800000| Untracked |  0
|  83|0x000000070fa00000, 0x000000070fa00000, 0x000000070fc00000|  0%| F|  |TAMS 0x000000070fa00000| PB 0x000000070fa00000| Untracked |  0
|  84|0x000000070fc00000, 0x000000070fc00000, 0x000000070fe00000|  0%| F|  |TAMS 0x000000070fc00000| PB 0x000000070fc00000| Untracked |  0
|  85|0x000000070fe00000, 0x000000070fe00000, 0x0000000710000000|  0%| F|  |TAMS 0x000000070fe00000| PB 0x000000070fe00000| Untracked |  0
|  86|0x0000000710000000, 0x0000000710000000, 0x0000000710200000|  0%| F|  |TAMS 0x0000000710000000| PB 0x0000000710000000| Untracked |  0
|  87|0x0000000710200000, 0x0000000710200000, 0x0000000710400000|  0%| F|  |TAMS 0x0000000710200000| PB 0x0000000710200000| Untracked |  0
|  88|0x0000000710400000, 0x0000000710400000, 0x0000000710600000|  0%| F|  |TAMS 0x0000000710400000| PB 0x0000000710400000| Untracked |  0
|  89|0x0000000710600000, 0x0000000710600000, 0x0000000710800000|  0%| F|  |TAMS 0x0000000710600000| PB 0x0000000710600000| Untracked |  0
|  90|0x0000000710800000, 0x0000000710800000, 0x0000000710a00000|  0%| F|  |TAMS 0x0000000710800000| PB 0x0000000710800000| Untracked |  0
|  91|0x0000000710a00000, 0x0000000710a00000, 0x0000000710c00000|  0%| F|  |TAMS 0x0000000710a00000| PB 0x0000000710a00000| Untracked |  0
|  92|0x0000000710c00000, 0x0000000710c00000, 0x0000000710e00000|  0%| F|  |TAMS 0x0000000710c00000| PB 0x0000000710c00000| Untracked |  0
|  93|0x0000000710e00000, 0x0000000710e00000, 0x0000000711000000|  0%| F|  |TAMS 0x0000000710e00000| PB 0x0000000710e00000| Untracked |  0
|  94|0x0000000711000000, 0x0000000711000000, 0x0000000711200000|  0%| F|  |TAMS 0x0000000711000000| PB 0x0000000711000000| Untracked |  0
|  95|0x0000000711200000, 0x0000000711200000, 0x0000000711400000|  0%| F|  |TAMS 0x0000000711200000| PB 0x0000000711200000| Untracked |  0
|  96|0x0000000711400000, 0x0000000711400000, 0x0000000711600000|  0%| F|  |TAMS 0x0000000711400000| PB 0x0000000711400000| Untracked |  0
|  97|0x0000000711600000, 0x0000000711600000, 0x0000000711800000|  0%| F|  |TAMS 0x0000000711600000| PB 0x0000000711600000| Untracked |  0
|  98|0x0000000711800000, 0x0000000711800000, 0x0000000711a00000|  0%| F|  |TAMS 0x0000000711800000| PB 0x0000000711800000| Untracked |  0
|  99|0x0000000711a00000, 0x0000000711a00000, 0x0000000711c00000|  0%| F|  |TAMS 0x0000000711a00000| PB 0x0000000711a00000| Untracked |  0
| 100|0x0000000711c00000, 0x0000000711c00000, 0x0000000711e00000|  0%| F|  |TAMS 0x0000000711c00000| PB 0x0000000711c00000| Untracked |  0
| 101|0x0000000711e00000, 0x0000000711e00000, 0x0000000712000000|  0%| F|  |TAMS 0x0000000711e00000| PB 0x0000000711e00000| Untracked |  0
| 102|0x0000000712000000, 0x0000000712000000, 0x0000000712200000|  0%| F|  |TAMS 0x0000000712000000| PB 0x0000000712000000| Untracked |  0
| 103|0x0000000712200000, 0x0000000712200000, 0x0000000712400000|  0%| F|  |TAMS 0x0000000712200000| PB 0x0000000712200000| Untracked |  0
| 104|0x0000000712400000, 0x0000000712400000, 0x0000000712600000|  0%| F|  |TAMS 0x0000000712400000| PB 0x0000000712400000| Untracked |  0
| 105|0x0000000712600000, 0x0000000712600000, 0x0000000712800000|  0%| F|  |TAMS 0x0000000712600000| PB 0x0000000712600000| Untracked |  0
| 106|0x0000000712800000, 0x0000000712800000, 0x0000000712a00000|  0%| F|  |TAMS 0x0000000712800000| PB 0x0000000712800000| Untracked |  0
| 107|0x0000000712a00000, 0x0000000712a00000, 0x0000000712c00000|  0%| F|  |TAMS 0x0000000712a00000| PB 0x0000000712a00000| Untracked |  0
| 108|0x0000000712c00000, 0x0000000712c00000, 0x0000000712e00000|  0%| F|  |TAMS 0x0000000712c00000| PB 0x0000000712c00000| Untracked |  0
| 109|0x0000000712e00000, 0x0000000712e00000, 0x0000000713000000|  0%| F|  |TAMS 0x0000000712e00000| PB 0x0000000712e00000| Untracked |  0
| 110|0x0000000713000000, 0x0000000713000000, 0x0000000713200000|  0%| F|  |TAMS 0x0000000713000000| PB 0x0000000713000000| Untracked |  0
| 111|0x0000000713200000, 0x0000000713200000, 0x0000000713400000|  0%| F|  |TAMS 0x0000000713200000| PB 0x0000000713200000| Untracked |  0
| 112|0x0000000713400000, 0x0000000713600000, 0x0000000713600000|100%| S|CS|TAMS 0x0000000713400000| PB 0x0000000713400000| Complete |  0
| 113|0x0000000713600000, 0x0000000713800000, 0x0000000713800000|100%| S|CS|TAMS 0x0000000713600000| PB 0x0000000713600000| Complete |  0
| 114|0x0000000713800000, 0x0000000713800000, 0x0000000713a00000|  0%| F|  |TAMS 0x0000000713800000| PB 0x0000000713800000| Untracked |  0
| 115|0x0000000713a00000, 0x0000000713a00000, 0x0000000713c00000|  0%| F|  |TAMS 0x0000000713a00000| PB 0x0000000713a00000| Untracked |  0
| 116|0x0000000713c00000, 0x0000000713c00000, 0x0000000713e00000|  0%| F|  |TAMS 0x0000000713c00000| PB 0x0000000713c00000| Untracked |  0
| 117|0x0000000713e00000, 0x0000000713e00000, 0x0000000714000000|  0%| F|  |TAMS 0x0000000713e00000| PB 0x0000000713e00000| Untracked |  0
| 118|0x0000000714000000, 0x0000000714000000, 0x0000000714200000|  0%| F|  |TAMS 0x0000000714000000| PB 0x0000000714000000| Untracked |  0
| 119|0x0000000714200000, 0x0000000714200000, 0x0000000714400000|  0%| F|  |TAMS 0x0000000714200000| PB 0x0000000714200000| Untracked |  0
| 120|0x0000000714400000, 0x0000000714400000, 0x0000000714600000|  0%| F|  |TAMS 0x0000000714400000| PB 0x0000000714400000| Untracked |  0
| 121|0x0000000714600000, 0x0000000714600000, 0x0000000714800000|  0%| F|  |TAMS 0x0000000714600000| PB 0x0000000714600000| Untracked |  0
| 122|0x0000000714800000, 0x0000000714800000, 0x0000000714a00000|  0%| F|  |TAMS 0x0000000714800000| PB 0x0000000714800000| Untracked |  0
| 123|0x0000000714a00000, 0x0000000714a00000, 0x0000000714c00000|  0%| F|  |TAMS 0x0000000714a00000| PB 0x0000000714a00000| Untracked |  0
| 124|0x0000000714c00000, 0x0000000714e00000, 0x0000000714e00000|100%| E|  |TAMS 0x0000000714c00000| PB 0x0000000714c00000| Complete |  0
| 125|0x0000000714e00000, 0x0000000715000000, 0x0000000715000000|100%| E|CS|TAMS 0x0000000714e00000| PB 0x0000000714e00000| Complete |  0

Card table byte_map: [0x00000221781e0000,0x00000221789c0000] _byte_map_base: 0x00000221749b6000

Marking Bits: (CMBitMap*) 0x000002216effd3d0
 Bits: [0x00000221789c0000, 0x000002217c870000)

Polling page: 0x000002216e740000

Metaspace:

Usage:
  Non-class:     11.87 MB used.
      Class:      1.50 MB used.
       Both:     13.37 MB used.

Virtual space:
  Non-class space:       64.00 MB reserved,      12.00 MB ( 19%) committed,  1 nodes.
      Class space:        1.00 GB reserved,       1.62 MB ( <1%) committed,  1 nodes.
             Both:        1.06 GB reserved,      13.62 MB (  1%) committed. 

Chunk freelists:
   Non-Class:  4.01 MB
       Class:  14.20 MB
        Both:  18.21 MB

MaxMetaspaceSize: unlimited
CompressedClassSpaceSize: 1.00 GB
Initial GC threshold: 21.00 MB
Current GC threshold: 21.00 MB
CDS: on
 - commit_granule_bytes: 65536.
 - commit_granule_words: 8192.
 - virtual_space_node_default_size: 8388608.
 - enlarge_chunks_in_place: 1.
 - use_allocation_guard: 0.


Internal statistics:

num_allocs_failed_limit: 0.
num_arena_births: 238.
num_arena_deaths: 0.
num_vsnodes_births: 2.
num_vsnodes_deaths: 0.
num_space_committed: 218.
num_space_uncommitted: 0.
num_chunks_returned_to_freelist: 0.
num_chunks_taken_from_freelist: 328.
num_chunk_merges: 0.
num_chunk_splits: 188.
num_chunks_enlarged: 81.
num_inconsistent_stats: 0.

CodeHeap 'non-profiled nmethods': size=120064Kb used=957Kb max_used=957Kb free=119107Kb
 bounds [0x0000022107ac0000, 0x0000022107d30000, 0x000002210f000000]
CodeHeap 'profiled nmethods': size=120000Kb used=3889Kb max_used=3889Kb free=116110Kb
 bounds [0x0000022100000000, 0x00000221003d0000, 0x0000022107530000]
CodeHeap 'non-nmethods': size=5696Kb used=1688Kb max_used=1750Kb free=4007Kb
 bounds [0x0000022107530000, 0x00000221077a0000, 0x0000022107ac0000]
CodeCache: size=245760Kb, used=6534Kb, max_used=6596Kb, free=239224Kb
 total_blobs=3430, nmethods=2685, adapters=649, full_count=0
Compilation: enabled, stopped_count=0, restarted_count=0

Compilation events (20 events):
Event: 134.085 Thread 0x000002217f2cfe20 2680       3       java.awt.Window::getBackground (5 bytes)
Event: 134.085 Thread 0x000002217f2cfe20 nmethod 2680 0x00000221003cab88 code [0x00000221003cacc0, 0x00000221003cafc8]
Event: 134.086 Thread 0x000002217f2cfe20 2681       3       sun.java2d.pipe.ValidatePipe::fillRect (25 bytes)
Event: 134.086 Thread 0x000002217f2cfe20 nmethod 2681 0x00000221003cb008 code [0x00000221003cb180, 0x00000221003cb688]
Event: 134.101 Thread 0x000002217f2cf760 2682       4       sun.java2d.SunGraphics2D::setColor (108 bytes)
Event: 134.112 Thread 0x000002217f2cf760 nmethod 2682 0x0000022107bada88 code [0x0000022107badc00, 0x0000022107bae1b8]
Event: 134.244 Thread 0x000002217f2cfe20 2685       3       sun.java2d.pipe.LoopPipe::drawLine (46 bytes)
Event: 134.244 Thread 0x000002217f2cf760 2686   !   4       sun.java2d.SunGraphics2D::drawLine (74 bytes)
Event: 134.244 Thread 0x000002217f2cfe20 nmethod 2685 0x00000221003cb708 code [0x00000221003cb840, 0x00000221003cb9f0]
Event: 134.244 Thread 0x000002217f2cfe20 2687       3       sun.java2d.pipe.LoopPipe::fillRect (32 bytes)
Event: 134.244 Thread 0x000002217f2cfe20 nmethod 2687 0x00000221003cba88 code [0x00000221003cbbc0, 0x00000221003cbd80]
Event: 134.249 Thread 0x000002217f2cf760 nmethod 2686 0x0000022107bae988 code [0x0000022107baeac0, 0x0000022107baed60]
Event: 1238.921 Thread 0x000002217f2cfe20 2688       1       javax.swing.GroupLayout$Spring::getAlignment (5 bytes)
Event: 1238.922 Thread 0x000002217f2cfe20 nmethod 2688 0x0000022107baee08 code [0x0000022107baef20, 0x0000022107baeff0]
Event: 1238.922 Thread 0x000002217f2cfe20 2689       3       javax.swing.GroupLayout$ComponentSpring::isLinked (16 bytes)
Event: 1238.922 Thread 0x000002217f2cfe20 nmethod 2689 0x00000221003cbe08 code [0x00000221003cbf40, 0x00000221003cc100]
Event: 1238.922 Thread 0x000002217f2cfe20 2690       3       javax.swing.GroupLayout$ComponentInfo::isLinked (49 bytes)
Event: 1238.923 Thread 0x000002217f2cfe20 nmethod 2690 0x00000221003cc188 code [0x00000221003cc2a0, 0x00000221003cc4c0]
Event: 1238.923 Thread 0x000002217f2cfe20 2691       1       javax.swing.GroupLayout$ParallelGroup::isResizable (5 bytes)
Event: 1238.923 Thread 0x000002217f2cfe20 nmethod 2691 0x0000022107baf108 code [0x0000022107baf220, 0x0000022107baf2f0]

GC Heap History (2 events):
Event: 67.776 GC heap before
{Heap before GC invocations=0 (full 0):
 garbage-first heap   total reserved 4108288K, committed 258048K, used 38912K [0x0000000705400000, 0x0000000800000000)
  region size 2048K, 12 young (24576K), 0 survivors (0K)
 Metaspace       used 13489K, committed 13824K, reserved 1114112K
  class space    used 1531K, committed 1664K, reserved 1048576K
}
Event: 67.799 GC heap after
{Heap after GC invocations=1 (full 0):
 garbage-first heap   total reserved 4108288K, committed 258048K, used 21664K [0x0000000705400000, 0x0000000800000000)
  region size 2048K, 2 young (4096K), 2 survivors (4096K)
 Metaspace       used 13489K, committed 13824K, reserved 1114112K
  class space    used 1531K, committed 1664K, reserved 1048576K
}

Dll operation events (10 events):
Event: 0.033 Loaded shared library C:\Program Files\Java\jdk-23\bin\java.dll
Event: 0.092 Loaded shared library C:\Program Files\Java\jdk-23\bin\jsvml.dll
Event: 0.163 Loaded shared library C:\Program Files\Java\jdk-23\bin\net.dll
Event: 0.169 Loaded shared library C:\Program Files\Java\jdk-23\bin\nio.dll
Event: 0.243 Loaded shared library C:\Program Files\Java\jdk-23\bin\jimage.dll
Event: 0.284 Loaded shared library C:\Program Files\Java\jdk-23\bin\awt.dll
Event: 0.576 Loaded shared library C:\Program Files\Java\jdk-23\bin\freetype.dll
Event: 0.578 Loaded shared library C:\Program Files\Java\jdk-23\bin\fontmanager.dll
Event: 0.767 Loaded shared library C:\Program Files\Java\jdk-23\bin\zip.dll
Event: 2.023 Loaded shared library C:\JavaRXTX\x64\rxtxSerial.dll

Deoptimization events (20 events):
Event: 70.830 Thread 0x0000022155966100 DEOPT PACKING pc=0x0000022100295b6a sp=0x000000cd14dfbc50
Event: 70.830 Thread 0x0000022155966100 DEOPT UNPACKING pc=0x0000022107584b22 sp=0x000000cd14dfb0d8 mode 0
Event: 71.818 Thread 0x0000022155966100 Uncommon trap: trap_request=0xffffff6e fr.pc=0x0000022107b7afd4 relative=0x0000000000000b94
Event: 71.818 Thread 0x0000022155966100 Uncommon trap: reason=loop_limit_check action=maybe_recompile pc=0x0000022107b7afd4 method=java.awt.geom.AffineTransform.transform([DI[DII)V @ 516 c2
Event: 71.818 Thread 0x0000022155966100 DEOPT PACKING pc=0x0000022107b7afd4 sp=0x000000cd14dfbee0
Event: 71.818 Thread 0x0000022155966100 DEOPT UNPACKING pc=0x0000022107584402 sp=0x000000cd14dfbe00 mode 2
Event: 75.459 Thread 0x0000022155966100 DEOPT PACKING pc=0x000002210031dd6f sp=0x000000cd14dfbdf0
Event: 75.459 Thread 0x0000022155966100 DEOPT UNPACKING pc=0x0000022107584b22 sp=0x000000cd14dfb1e8 mode 0
Event: 133.025 Thread 0x000002215433a0d0 Uncommon trap: trap_request=0xffffff45 fr.pc=0x0000022107b1f710 relative=0x0000000000000070
Event: 133.025 Thread 0x000002215433a0d0 Uncommon trap: reason=unstable_if action=reinterpret pc=0x0000022107b1f710 method=java.lang.ref.ReferenceQueue.headIsNull()Z @ 4 c2
Event: 133.025 Thread 0x000002215433a0d0 DEOPT PACKING pc=0x0000022107b1f710 sp=0x000000cd14cfdbd0
Event: 133.025 Thread 0x000002215433a0d0 DEOPT UNPACKING pc=0x0000022107584402 sp=0x000000cd14cfda90 mode 2
Event: 133.025 Thread 0x000002215433a0d0 Uncommon trap: trap_request=0xffffff45 fr.pc=0x0000022107b5d65c relative=0x000000000000005c
Event: 133.025 Thread 0x000002215433a0d0 Uncommon trap: reason=unstable_if action=reinterpret pc=0x0000022107b5d65c method=java.lang.ref.ReferenceQueue.headIsNull()Z @ 4 c2
Event: 133.025 Thread 0x000002215433a0d0 DEOPT PACKING pc=0x0000022107b5d65c sp=0x000000cd14cfdb60
Event: 133.026 Thread 0x000002215433a0d0 DEOPT UNPACKING pc=0x0000022107584402 sp=0x000000cd14cfda90 mode 2
Event: 133.863 Thread 0x0000022155966100 Uncommon trap: trap_request=0xffffff45 fr.pc=0x0000022107b941c4 relative=0x0000000000002424
Event: 133.863 Thread 0x0000022155966100 Uncommon trap: reason=unstable_if action=reinterpret pc=0x0000022107b941c4 method=sun.java2d.marlin.Renderer._endRendering(II)V @ 22 c2
Event: 133.863 Thread 0x0000022155966100 DEOPT PACKING pc=0x0000022107b941c4 sp=0x000000cd14dfc810
Event: 133.863 Thread 0x0000022155966100 DEOPT UNPACKING pc=0x0000022107584402 sp=0x000000cd14dfc5f0 mode 2

Classes loaded (20 events):
Event: 12.277 Loading class jdk/internal/event/ThreadSleepEvent
Event: 12.277 Loading class jdk/internal/event/Event
Event: 12.277 Loading class jdk/internal/event/Event done
Event: 12.277 Loading class jdk/internal/event/ThreadSleepEvent done
Event: 67.874 Loading class javax/swing/TimerQueue$DelayedTimer
Event: 67.874 Loading class java/util/concurrent/Delayed
Event: 67.874 Loading class java/util/concurrent/Delayed done
Event: 67.874 Loading class javax/swing/TimerQueue$DelayedTimer done
Event: 69.255 Loading class javax/swing/Timer$1
Event: 69.255 Loading class javax/swing/Timer$1 done
Event: 126.274 Loading class java/awt/desktop/SystemSleepListener
Event: 126.274 Loading class java/awt/desktop/SystemEventListener
Event: 126.274 Loading class java/awt/desktop/SystemEventListener done
Event: 126.274 Loading class java/awt/desktop/SystemSleepListener done
Event: 133.168 Loading class java/util/WeakHashMap$KeyIterator
Event: 133.169 Loading class java/util/WeakHashMap$HashIterator
Event: 133.169 Loading class java/util/WeakHashMap$HashIterator done
Event: 133.169 Loading class java/util/WeakHashMap$KeyIterator done
Event: 133.172 Loading class javax/swing/RepaintManager$DisplayChangedRunnable
Event: 133.172 Loading class javax/swing/RepaintManager$DisplayChangedRunnable done

Classes unloaded (0 events):
No events

Classes redefined (0 events):
No events

Internal exceptions (20 events):
Event: 0.789 Thread 0x0000022155966100 Exception <a 'java/lang/NoSuchMethodError'{0x00000007148e5e68}: 'java.lang.Object java.lang.invoke.DirectMethodHandle$Holder.newInvokeSpecial(java.lang.Object, java.lang.Object, int)'> (0x00000007148e5e68) 
thrown [s\open\src\hotspot\share\interpreter\linkResolver.cpp, line 796]
Event: 0.793 Thread 0x0000022155966100 Exception <a 'java/lang/NoSuchMethodError'{0x00000007148fa3f0}: 'java.lang.Object java.lang.invoke.DirectMethodHandle$Holder.invokeStatic(java.lang.Object, java.lang.Object, java.lang.Object, java.lang.Object, int)'> (0x00000007148fa3f0) 
thrown [s\open\src\hotspot\share\interpreter\linkResolver.cpp, line 796]
Event: 0.794 Thread 0x0000022155966100 Exception <a 'java/lang/NoSuchMethodError'{0x0000000714902a18}: 'int java.lang.invoke.DirectMethodHandle$Holder.invokeSpecial(java.lang.Object, java.lang.Object, java.lang.Object)'> (0x0000000714902a18) 
thrown [s\open\src\hotspot\share\interpreter\linkResolver.cpp, line 796]
Event: 1.436 Thread 0x0000022155966100 Exception <a 'java/lang/NoSuchMethodError'{0x0000000714468290}: 'void java.lang.invoke.DirectMethodHandle$Holder.invokeStatic(java.lang.Object, java.lang.Object)'> (0x0000000714468290) 
thrown [s\open\src\hotspot\share\interpreter\linkResolver.cpp, line 796]
Event: 1.679 Thread 0x000002215433a0d0 Exception <a 'java/lang/NoSuchMethodError'{0x0000000714df9fa8}: 'void java.lang.invoke.DirectMethodHandle$Holder.invokeVirtual(java.lang.Object, java.lang.Object)'> (0x0000000714df9fa8) 
thrown [s\open\src\hotspot\share\interpreter\linkResolver.cpp, line 796]
Event: 1.736 Thread 0x0000022155966100 Exception <a 'java/lang/NoSuchMethodError'{0x00000007145ea048}: 'void java.lang.invoke.DirectMethodHandle$Holder.invokeStaticInit(java.lang.Object)'> (0x00000007145ea048) 
thrown [s\open\src\hotspot\share\interpreter\linkResolver.cpp, line 796]
Event: 2.026 Thread 0x0000022155966100 Exception <a 'java/io/FileNotFoundException'{0x0000000714296798}> (0x0000000714296798) 
thrown [s\open\src\hotspot\share\prims\jni.cpp, line 520]
Event: 2.174 Thread 0x0000022155966100 Exception <a 'java/io/FileNotFoundException'{0x00000007142a7ba8}> (0x00000007142a7ba8) 
thrown [s\open\src\hotspot\share\prims\jni.cpp, line 520]
Event: 2.176 Thread 0x0000022155966100 Exception <a 'java/io/FileNotFoundException'{0x00000007142b64b0}> (0x00000007142b64b0) 
thrown [s\open\src\hotspot\share\prims\jni.cpp, line 520]
Event: 2.329 Thread 0x0000022155966100 Exception <a 'java/io/FileNotFoundException'{0x00000007142c73a0}> (0x00000007142c73a0) 
thrown [s\open\src\hotspot\share\prims\jni.cpp, line 520]
Event: 2.360 Thread 0x0000022155966100 Implicit null exception at 0x0000022107b224ce to 0x0000022107b22578
Event: 2.540 Thread 0x0000022155966100 Exception <a 'java/lang/NoSuchMethodError'{0x0000000714386978}: 'int java.lang.invoke.DirectMethodHandle$Holder.invokeStatic(java.lang.Object)'> (0x0000000714386978) 
thrown [s\open\src\hotspot\share\interpreter\linkResolver.cpp, line 796]
Event: 5.394 Thread 0x0000022155966100 Exception <a 'java/lang/ClassNotFoundException'{0x0000000713e112f0}: sun/util/logging/resources/spi/loggingProvider> (0x0000000713e112f0) 
thrown [s\open\src\hotspot\share\classfile\systemDictionary.cpp, line 313]
Event: 6.419 Thread 0x0000022155b3dcc0 Exception <a 'java/lang/NoSuchMethodError'{0x0000000713f4d798}: 'java.lang.Object java.lang.invoke.DirectMethodHandle$Holder.newInvokeSpecial(java.lang.Object, java.lang.Object, java.lang.Object, int, int, int, int, int)'> (0x0000000713f4d798) 
thrown [s\open\src\hotspot\share\interpreter\linkResolver.cpp, line 796]
Event: 9.398 Thread 0x0000022155966100 Exception <a 'java/lang/NoSuchMethodError'{0x000000071385d3b0}: 'java.lang.Object java.lang.invoke.Invokers$Holder.linkToTargetMethod(int, int, int, int, java.lang.Object)'> (0x000000071385d3b0) 
thrown [s\open\src\hotspot\share\interpreter\linkResolver.cpp, line 796]
Event: 18.404 Thread 0x0000022155966100 Implicit null exception at 0x0000022107b67c51 to 0x0000022107b68221
Event: 18.404 Thread 0x0000022155966100 Implicit null exception at 0x0000022107b640e7 to 0x0000022107b64854
Event: 18.404 Thread 0x0000022155966100 Implicit null exception at 0x0000022107b67c51 to 0x0000022107b68221
Event: 18.404 Thread 0x0000022155966100 Implicit null exception at 0x0000022107b640e7 to 0x0000022107b64854
Event: 18.404 Thread 0x0000022155966100 Implicit null exception at 0x0000022107b67c51 to 0x0000022107b68221

VM Operations (20 events):
Event: 2.768 Executing VM operation: HandshakeAllThreads (Deoptimize)
Event: 2.768 Executing VM operation: HandshakeAllThreads (Deoptimize) done
Event: 6.343 Executing VM operation: HandshakeAllThreads (Deoptimize)
Event: 6.343 Executing VM operation: HandshakeAllThreads (Deoptimize) done
Event: 6.720 Executing VM operation: HandshakeAllThreads (Deoptimize)
Event: 6.720 Executing VM operation: HandshakeAllThreads (Deoptimize) done
Event: 60.235 Executing VM operation: HandshakeAllThreads (HandshakeForDeflation)
Event: 60.235 Executing VM operation: HandshakeAllThreads (HandshakeForDeflation) done
Event: 60.235 Executing VM operation: RendezvousGCThreads
Event: 60.235 Executing VM operation: RendezvousGCThreads done
Event: 67.775 Executing VM operation: G1CollectForAllocation (G1 Evacuation Pause)
Event: 67.799 Executing VM operation: G1CollectForAllocation (G1 Evacuation Pause) done
Event: 120.398 Executing VM operation: HandshakeAllThreads (HandshakeForDeflation)
Event: 120.398 Executing VM operation: HandshakeAllThreads (HandshakeForDeflation) done
Event: 120.398 Executing VM operation: RendezvousGCThreads
Event: 120.398 Executing VM operation: RendezvousGCThreads done
Event: 180.647 Executing VM operation: HandshakeAllThreads (HandshakeForDeflation)
Event: 180.647 Executing VM operation: HandshakeAllThreads (HandshakeForDeflation) done
Event: 180.647 Executing VM operation: RendezvousGCThreads
Event: 180.647 Executing VM operation: RendezvousGCThreads done

Memory protections (0 events):
No events

Nmethod flushes (0 events):
No events

Events (20 events):
Event: 0.205 Thread 0x000002216ef99830 Thread added: 0x00000221541bde40
Event: 0.419 Thread 0x000002216ef99830 Thread added: 0x000002215435c290
Event: 0.422 Thread 0x000002216ef99830 Thread added: 0x0000022154338a60
Event: 0.425 Thread 0x000002216ef99830 Thread added: 0x000002215433a0d0
Event: 0.700 Thread 0x000002216ef99830 Thread added: 0x0000022155966100
Event: 0.701 Thread 0x000002216ef99830 Thread exited: 0x000002216ef99830
Event: 0.702 Thread 0x0000022155966770 Thread added: 0x0000022155966770
Event: 0.993 Thread 0x000002217f2cfe20 Thread added: 0x0000022155ec4550
Event: 1.047 Thread 0x0000022155966100 Thread added: 0x0000022155e9d700
Event: 1.400 Thread 0x0000022155ec4550 Thread exited: 0x0000022155ec4550
Event: 5.341 Thread 0x000002217f2cfe20 Thread added: 0x0000022156051980
Event: 5.586 Thread 0x0000022156051980 Thread exited: 0x0000022156051980
Event: 6.357 Thread 0x0000022155966100 Thread added: 0x0000022155b3dcc0
Event: 6.390 Thread 0x000002217f2cfe20 Thread added: 0x0000022155e124e0
Event: 8.605 Thread 0x0000022155e124e0 Thread exited: 0x0000022155e124e0
Event: 10.374 Thread 0x000002217f2cfe20 Thread added: 0x0000022155e6f990
Event: 11.489 Thread 0x0000022155e6f990 Thread exited: 0x0000022155e6f990
Event: 11.703 Thread 0x000002217f2cfe20 Thread added: 0x0000022155e71520
Event: 11.730 Thread 0x0000022155b3dcc0 Thread exited: 0x0000022155b3dcc0
Event: 12.269 Thread 0x0000022155e71520 Thread exited: 0x0000022155e71520


Dynamic libraries:
0x00007ff76a7f0000 - 0x00007ff76a800000 	C:\Program Files\Java\jdk-23\bin\java.exe
0x00007ffcece80000 - 0x00007ffced0e3000 	C:\WINDOWS\SYSTEM32\ntdll.dll
0x00007ffcebb20000 - 0x00007ffcebbe7000 	C:\WINDOWS\System32\KERNEL32.DLL
0x00007ffcea8c0000 - 0x00007ffceac70000 	C:\WINDOWS\System32\KERNELBASE.dll
0x00007ffcea280000 - 0x00007ffcea3cb000 	C:\WINDOWS\System32\ucrtbase.dll
0x00007ffcd5620000 - 0x00007ffcd5637000 	C:\Program Files\Java\jdk-23\bin\jli.dll
0x00007ffce06b0000 - 0x00007ffce06cb000 	C:\Program Files\Java\jdk-23\bin\VCRUNTIME140.dll
0x00007ffcec500000 - 0x00007ffcec6c3000 	C:\WINDOWS\System32\USER32.dll
0x00007ffcea3d0000 - 0x00007ffcea3f7000 	C:\WINDOWS\System32\win32u.dll
0x00007ffcd1370000 - 0x00007ffcd1600000 	C:\WINDOWS\WinSxS\amd64_microsoft.windows.common-controls_6595b64144ccf1df_6.0.26100.1882_none_3e0e949ae32eca40\COMCTL32.dll
0x00007ffcec6d0000 - 0x00007ffcec6fa000 	C:\WINDOWS\System32\GDI32.dll
0x00007ffceadf0000 - 0x00007ffceae99000 	C:\WINDOWS\System32\msvcrt.dll
0x00007ffcea610000 - 0x00007ffcea733000 	C:\WINDOWS\System32\gdi32full.dll
0x00007ffcea4a0000 - 0x00007ffcea543000 	C:\WINDOWS\System32\msvcp_win.dll
0x00007ffcec960000 - 0x00007ffcec98f000 	C:\WINDOWS\System32\IMM32.DLL
0x00007ffce06a0000 - 0x00007ffce06ac000 	C:\Program Files\Java\jdk-23\bin\vcruntime140_1.dll
0x00007ffca8d60000 - 0x00007ffca8dee000 	C:\Program Files\Java\jdk-23\bin\msvcp140.dll
0x00007ffc60860000 - 0x00007ffc615af000 	C:\Program Files\Java\jdk-23\bin\server\jvm.dll
0x00007ffceb9d0000 - 0x00007ffceba84000 	C:\WINDOWS\System32\ADVAPI32.dll
0x00007ffcec0b0000 - 0x00007ffcec156000 	C:\WINDOWS\System32\sechost.dll
0x00007ffcec160000 - 0x00007ffcec276000 	C:\WINDOWS\System32\RPCRT4.dll
0x00007ffcec000000 - 0x00007ffcec074000 	C:\WINDOWS\System32\WS2_32.dll
0x00007ffcea070000 - 0x00007ffcea0be000 	C:\WINDOWS\SYSTEM32\POWRPROF.dll
0x00007ffce7b60000 - 0x00007ffce7b96000 	C:\WINDOWS\SYSTEM32\WINMM.dll
0x00007ffce1650000 - 0x00007ffce165b000 	C:\WINDOWS\SYSTEM32\VERSION.dll
0x00007ffce9f50000 - 0x00007ffce9f64000 	C:\WINDOWS\SYSTEM32\UMPDC.dll
0x00007ffce90e0000 - 0x00007ffce90fa000 	C:\WINDOWS\SYSTEM32\kernel.appcore.dll
0x00007ffcd3db0000 - 0x00007ffcd3dba000 	C:\Program Files\Java\jdk-23\bin\jimage.dll
0x00007ffce7910000 - 0x00007ffce7b51000 	C:\WINDOWS\SYSTEM32\DBGHELP.DLL
0x00007ffcebbf0000 - 0x00007ffcebf6c000 	C:\WINDOWS\System32\combase.dll
0x00007ffceb730000 - 0x00007ffceb806000 	C:\WINDOWS\System32\OLEAUT32.dll
0x00007ffce78d0000 - 0x00007ffce7909000 	C:\WINDOWS\SYSTEM32\dbgcore.DLL
0x00007ffcea400000 - 0x00007ffcea499000 	C:\WINDOWS\System32\bcryptPrimitives.dll
0x00007ffcd52a0000 - 0x00007ffcd52be000 	C:\Program Files\Java\jdk-23\bin\java.dll
0x00007ffcec7c0000 - 0x00007ffcec959000 	C:\WINDOWS\System32\ole32.dll
0x00007ffceaea0000 - 0x00007ffceb598000 	C:\WINDOWS\System32\SHELL32.dll
0x00007ffce8060000 - 0x00007ffce888a000 	C:\WINDOWS\SYSTEM32\windows.storage.dll
0x00007ffceb8f0000 - 0x00007ffceb9c3000 	C:\WINDOWS\System32\SHCORE.dll
0x00007ffcec280000 - 0x00007ffcec2dd000 	C:\WINDOWS\System32\shlwapi.dll
0x00007ffcea1a0000 - 0x00007ffcea1c9000 	C:\WINDOWS\SYSTEM32\profapi.dll
0x00007ffca6850000 - 0x00007ffca6927000 	C:\Program Files\Java\jdk-23\bin\jsvml.dll
0x00007ffccee70000 - 0x00007ffccee80000 	C:\Program Files\Java\jdk-23\bin\net.dll
0x00007ffce95e0000 - 0x00007ffce9648000 	C:\WINDOWS\system32\mswsock.dll
0x00007ffccea30000 - 0x00007ffccea46000 	C:\Program Files\Java\jdk-23\bin\nio.dll
0x00007ffca66c0000 - 0x00007ffca684e000 	C:\Program Files\Java\jdk-23\bin\awt.dll
0x00007ffce51d0000 - 0x00007ffce526c000 	C:\WINDOWS\SYSTEM32\apphelp.dll
0x00007ffce7050000 - 0x00007ffce70fd000 	C:\WINDOWS\system32\uxtheme.dll
0x00007ffceb5d0000 - 0x00007ffceb72b000 	C:\WINDOWS\System32\MSCTF.dll
0x00007ffce7340000 - 0x00007ffce736e000 	C:\WINDOWS\system32\DWMAPI.DLL
0x00007ffca8a20000 - 0x00007ffca8aa7000 	C:\Program Files\Java\jdk-23\bin\freetype.dll
0x00007ffca65e0000 - 0x00007ffca66b7000 	C:\Program Files\Java\jdk-23\bin\fontmanager.dll
0x00007ffcbff10000 - 0x00007ffcc001c000 	C:\WINDOWS\system32\opengl32.dll
0x00007ffcc0c40000 - 0x00007ffcc0c6d000 	C:\WINDOWS\SYSTEM32\GLU32.dll
0x00007ffce71a0000 - 0x00007ffce71e0000 	C:\WINDOWS\SYSTEM32\dxcore.dll
0x00007ffccea10000 - 0x00007ffccea27000 	C:\Program Files\Java\jdk-23\bin\zip.dll
0x00007ffcec710000 - 0x00007ffcec7b8000 	C:\WINDOWS\System32\clbcatq.dll
0x00007ffce68d0000 - 0x00007ffce6afa000 	C:\WINDOWS\SYSTEM32\WindowsCodecs.dll
0x00007ffcba8d0000 - 0x00007ffcba92a000 	C:\WINDOWS\system32\dataexchange.dll
0x00007ffcd7b70000 - 0x00007ffcd7da5000 	C:\WINDOWS\system32\twinapi.appcore.dll
0x0000000180000000 - 0x0000000180025000 	C:\JavaRXTX\x64\rxtxSerial.dll
0x00007ffcd64b0000 - 0x00007ffcd65f4000 	C:\WINDOWS\SYSTEM32\textinputframework.dll
0x00007ffce4870000 - 0x00007ffce4995000 	C:\WINDOWS\SYSTEM32\CoreMessaging.dll
0x00007ffce17e0000 - 0x00007ffce1ac3000 	C:\WINDOWS\SYSTEM32\CoreUIComponents.dll
0x00007ffce58e0000 - 0x00007ffce5a48000 	C:\WINDOWS\SYSTEM32\wintypes.dll
0x00007ffce98a0000 - 0x00007ffce98ac000 	C:\WINDOWS\SYSTEM32\CRYPTBASE.DLL

dbghelp: loaded successfully - version: 4.0.5 - missing functions: none
symbol engine: initialized successfully - sym options: 0x614 - pdb path: .;C:\Program Files\Java\jdk-23\bin;C:\WINDOWS\SYSTEM32;C:\WINDOWS\WinSxS\amd64_microsoft.windows.common-controls_6595b64144ccf1df_6.0.26100.1882_none_3e0e949ae32eca40;C:\Program Files\Java\jdk-23\bin\server;C:\JavaRXTX\x64

VM Arguments:
jvm_args: -Dfile.encoding=UTF-8 --module-path=C:\Users\losro\Documents\NetBeansProjects\NeoPixelFNL\build\classes 
java_command: neopixelfn.InterfazLeds
java_class_path (initial): C:\Users\losro\Downloads\PanamaHitek_Arduino v2.7.0.jar;C:\Users\losro\Documents\NetBeansProjects\NeoPixelFNL\build\classes
Launcher Type: SUN_STANDARD

[Global flags]
     intx CICompilerCount                          = 4                                         {product} {ergonomic}
     uint ConcGCThreads                            = 2                                         {product} {ergonomic}
     uint G1ConcRefinementThreads                  = 8                                         {product} {ergonomic}
   size_t G1HeapRegionSize                         = 2097152                                   {product} {ergonomic}
   size_t InitialHeapSize                          = 264241152                                 {product} {ergonomic}
   size_t MarkStackSize                            = 4194304                                   {product} {ergonomic}
   size_t MarkStackSizeMax                         = 536870912                                 {product} {ergonomic}
   size_t MaxHeapSize                              = 4206886912                                {product} {ergonomic}
   size_t MaxNewSize                               = 2522873856                                {product} {ergonomic}
   size_t MinHeapDeltaBytes                        = 2097152                                   {product} {ergonomic}
   size_t MinHeapSize                              = 8388608                                   {product} {ergonomic}
    uintx NonNMethodCodeHeapSize                   = 5832704                                {pd product} {ergonomic}
    uintx NonProfiledCodeHeapSize                  = 122945536                              {pd product} {ergonomic}
    uintx ProfiledCodeHeapSize                     = 122880000                              {pd product} {ergonomic}
    uintx ReservedCodeCacheSize                    = 251658240                              {pd product} {ergonomic}
     bool SegmentedCodeCache                       = true                                      {product} {ergonomic}
   size_t SoftMaxHeapSize                          = 4206886912                             {manageable} {ergonomic}
     bool UseCompressedOops                        = true                           {product lp64_product} {ergonomic}
     bool UseG1GC                                  = true                                      {product} {ergonomic}
     bool UseLargePagesIndividualAllocation        = false                                  {pd product} {ergonomic}

Logging:
Log output configuration:
 #0: stdout all=warning uptime,level,tags foldmultilines=false
 #1: stderr all=off uptime,level,tags foldmultilines=false

Environment Variables:
PATH=C:\Program Files\Common Files\Oracle\Java\javapath;C:\WINDOWS\system32;C:\WINDOWS;C:\WINDOWS\System32\Wbem;C:\WINDOWS\System32\WindowsPowerShell\v1.0\;C:\WINDOWS\System32\OpenSSH\;C:\Users\losro\AppData\Local\Microsoft\WindowsApps;
USERNAME=losro
OS=Windows_NT
PROCESSOR_IDENTIFIER=Intel64 Family 6 Model 142 Stepping 12, GenuineIntel
TMP=C:\Users\losro\AppData\Local\Temp
TEMP=C:\Users\losro\AppData\Local\Temp




Periodic native trim disabled

---------------  S Y S T E M  ---------------

OS:
 Windows 11 , 64 bit Build 26100 (10.0.26100.1882)
OS uptime: 2 days 6:56 hours

CPU: total 8 (initial active 8) (4 cores per cpu, 2 threads per core) family 6 model 142 stepping 12 microcode 0xfc, cx8, cmov, fxsr, ht, mmx, 3dnowpref, sse, sse2, sse3, ssse3, sse4.1, sse4.2, popcnt, lzcnt, tsc, tscinvbit, avx, avx2, aes, erms, clmul, bmi1, bmi2, adx, fma, vzeroupper, clflush, clflushopt, rdtscp, f16c
Processor Information for the first 8 processors :
  Max Mhz: 2208, Current Mhz: 1706, Mhz Limit: 1700

Memory: 4k page, system-wide physical 16045M (8119M free)
TotalPageFile size 18989M (AvailPageFile size 6864M)
current process WorkingSet (physical memory assigned to process): 128M, peak: 145M
current process commit charge ("private bytes"): 375M, peak: 387M

vm_info: Java HotSpot(TM) 64-Bit Server VM (23.0.1+11-39) for windows-amd64 JRE (23.0.1+11-39), built on 2024-09-30T07:20:43Z with MS VC++ 17.6 (VS2022)

END.
